#
# A fatal error has been detected by the Java Runtime Environment:
#
#  EXCEPTION_ACCESS_VIOLATION (0xc0000005) at pc=0x0000000180008790, pid=7392, tid=0x0000000000001b6c
#
# JRE version: Java(TM) SE Runtime Environment (8.0_92-b14) (build 1.8.0_92-b14)
# Java VM: Java HotSpot(TM) 64-Bit Server VM (25.92-b14 mixed mode windows-amd64 compressed oops)
# Problematic frame:
# C  [rxtxSerial.dll+0x8790]
#
# Failed to write core dump. Minidumps are not enabled by default on client versions of Windows
#
# If you would like to submit a bug report, please visit:
#   http://bugreport.java.com/bugreport/crash.jsp
# The crash happened outside the Java Virtual Machine in native code.
# See problematic frame for where to report the bug.
#

---------------  T H R E A D  ---------------

Current thread (0x000000001d994000):  JavaThread "pool-2-thread-1" [_thread_in_native, id=7020, stack(0x000000001f190000,0x000000001f290000)]

siginfo: ExceptionCode=0xc0000005, reading address 0x00000000000000f8

Registers:
RAX=0x0000000000000002, RBX=0x000000001f3d72a0, RCX=0x0000000000000001, RDX=0x0000000000000000
RSP=0x000000001f28ea00, RBP=0x000000001f28ec70, RSI=0x000000001d5d15d9, RDI=0x0000000000000000
R8 =0x0000000000000000, R9 =0x0000000000000000, R10=0x00007ff92e0d5f30, R11=0x0000000000000002
R12=0x000000001f28ec78, R13=0x000000001ef1c4c0, R14=0x000000001f28ec78, R15=0x000000001d994000
RIP=0x0000000180008790, EFLAGS=0x0000000000010206

Top of Stack: (sp=0x000000001f28ea00)
0x000000001f28ea00:   000000001f3d72a0 000000001d5d15d0
0x000000001f28ea10:   000000001d994000 0000000000000009
0x000000001f28ea20:   000000001d5d15d0 000000018000aab4
0x000000001f28ea30:   000000001d9941f8 0000000000000106
0x000000001f28ea40:   000000001ef1c4c0 000000001f28ec78
0x000000001f28ea50:   000000001d8bb4b0 000000001d5d15d0
0x000000001f28ea60:   000000001f28ec70 000000018000b7fe
0x000000001f28ea70:   0000000000000008 000000001ef1c4c0
0x000000001f28ea80:   000000001d9941f8 0000000000000000
0x000000001f28ea90:   000000001d994000 0000000000000000
0x000000001f28eaa0:   0000b5da218358d6 000000007fffffdc
0x000000001f28eab0:   000000001f28eb40 0000000000000042
0x000000001f28eac0:   000000001d9941f8 0000000000000000
0x000000001f28ead0:   000000001d5d15d0 000000018000213d
0x000000001f28eae0:   000000001f28ec70 000000018001c0b0
0x000000001f28eaf0:   0000000000000000 0000000180000000 

Instructions: (pc=0x0000000180008790)
0x0000000180008770:   89 83 00 01 00 00 48 89 1d 73 6f 01 00 48 8b c3
0x0000000180008780:   48 8b 5c 24 30 48 8b 74 24 38 48 83 c4 20 5f c3
0x0000000180008790:   39 87 f8 00 00 00 7d 20 0f 1f 84 00 00 00 00 00
0x00000001800087a0:   48 8b 87 00 01 00 00 48 85 c0 74 0c 44 39 98 f8 


Register to memory mapping:

RAX=0x0000000000000002 is an unknown value
RBX=0x000000001f3d72a0 is an unknown value
RCX=0x0000000000000001 is an unknown value
RDX=0x0000000000000000 is an unknown value
RSP=0x000000001f28ea00 is pointing into the stack for thread: 0x000000001d994000
RBP=0x000000001f28ec70 is pointing into the stack for thread: 0x000000001d994000
RSI=0x000000001d5d15d9 is an unknown value
RDI=0x0000000000000000 is an unknown value
R8 =0x0000000000000000 is an unknown value
R9 =0x0000000000000000 is an unknown value
R10=0x00007ff92e0d5f30 is an unknown value
R11=0x0000000000000002 is an unknown value
R12=0x000000001f28ec78 is pointing into the stack for thread: 0x000000001d994000
R13=0x000000001ef1c4c0 is pointing into metadata
R14=0x000000001f28ec78 is pointing into the stack for thread: 0x000000001d994000
R15=0x000000001d994000 is a thread


Stack: [0x000000001f190000,0x000000001f290000],  sp=0x000000001f28ea00,  free space=1018k
Native frames: (J=compiled Java code, j=interpreted, Vv=VM code, C=native code)
C  [rxtxSerial.dll+0x8790]
C  [rxtxSerial.dll+0xaab4]
C  [rxtxSerial.dll+0x213d]
C  0x0000000002868417

Java frames: (J=compiled Java code, j=interpreted, Vv=VM code)
j  gnu.io.RXTXPort.open(Ljava/lang/String;)I+0
j  gnu.io.RXTXPort.<init>(Ljava/lang/String;)V+125
j  gnu.io.RXTXCommDriver.getCommPort(Ljava/lang/String;I)Lgnu/io/CommPort;+78
j  gnu.io.CommPortIdentifier.open(Ljava/lang/String;I)Lgnu/io/CommPort;+171
j  uk.chromis.pos.printer.escpos.PrinterWritterRXTX.internalWrite([B)V+28
j  uk.chromis.pos.printer.escpos.PrinterWritter$1.run()V+8
j  java.util.concurrent.ThreadPoolExecutor.runWorker(Ljava/util/concurrent/ThreadPoolExecutor$Worker;)V+95
j  java.util.concurrent.ThreadPoolExecutor$Worker.run()V+5
j  java.lang.Thread.run()V+11
v  ~StubRoutines::call_stub

---------------  P R O C E S S  ---------------

Java Threads: ( => current thread )
  0x000000001dbd8800 JavaThread "Thread-4" [_thread_in_native, id=10136, stack(0x000000001f6e0000,0x000000001f7e0000)]
  0x000000001dbdb800 JavaThread "TimerQueue" daemon [_thread_in_vm, id=4924, stack(0x000000001f3e0000,0x000000001f4e0000)]
  0x000000001d910000 JavaThread "Thread-3" daemon [_thread_in_native, id=6864, stack(0x000000001f290000,0x000000001f390000)]
=>0x000000001d994000 JavaThread "pool-2-thread-1" [_thread_in_native, id=7020, stack(0x000000001f190000,0x000000001f290000)]
  0x000000001d8ce000 JavaThread "pool-1-thread-1" [_thread_in_native, id=5920, stack(0x000000001ef90000,0x000000001f090000)]
  0x00000000195a2800 JavaThread "Abandoned connection cleanup thread" daemon [_thread_blocked, id=7912, stack(0x000000001ea90000,0x000000001eb90000)]
  0x0000000019696000 JavaThread "Image Fetcher 0" daemon [_thread_blocked, id=9248, stack(0x000000001e790000,0x000000001e890000)]
  0x0000000002742800 JavaThread "DestroyJavaVM" [_thread_blocked, id=6160, stack(0x0000000002620000,0x0000000002720000)]
  0x00000000193bf000 JavaThread "AWT-EventQueue-0" [_thread_in_native, id=7176, stack(0x0000000019be0000,0x0000000019ce0000)]
  0x0000000019420800 JavaThread "AWT-Windows" daemon [_thread_in_native, id=5332, stack(0x0000000019a00000,0x0000000019b00000)]
  0x000000001941f800 JavaThread "AWT-Shutdown" [_thread_blocked, id=5500, stack(0x0000000019900000,0x0000000019a00000)]
  0x000000001941f000 JavaThread "Java2D Disposer" daemon [_thread_blocked, id=10144, stack(0x0000000019800000,0x0000000019900000)]
  0x0000000016ffb800 JavaThread "Service Thread" daemon [_thread_blocked, id=6752, stack(0x0000000018d00000,0x0000000018e00000)]
  0x0000000016fa8800 JavaThread "C1 CompilerThread2" daemon [_thread_blocked, id=6364, stack(0x0000000018800000,0x0000000018900000)]
  0x0000000016fa1800 JavaThread "C2 CompilerThread1" daemon [_thread_in_native, id=10216, stack(0x0000000018700000,0x0000000018800000)]
  0x0000000016f9e000 JavaThread "C2 CompilerThread0" daemon [_thread_blocked, id=2180, stack(0x0000000018600000,0x0000000018700000)]
  0x0000000016f9c000 JavaThread "Attach Listener" daemon [_thread_blocked, id=9588, stack(0x0000000018500000,0x0000000018600000)]
  0x0000000016f9b000 JavaThread "Signal Dispatcher" daemon [_thread_blocked, id=9772, stack(0x0000000018400000,0x0000000018500000)]
  0x000000000283e800 JavaThread "Finalizer" daemon [_thread_blocked, id=1392, stack(0x00000000181f0000,0x00000000182f0000)]
  0x0000000002833000 JavaThread "Reference Handler" daemon [_thread_blocked, id=3428, stack(0x00000000180f0000,0x00000000181f0000)]

Other Threads:
  0x0000000016f66800 VMThread [stack: 0x0000000017ff0000,0x00000000180f0000] [id=5944]
  0x000000001893c800 WatcherThread [stack: 0x0000000018e00000,0x0000000018f00000] [id=3752]

VM state:not at safepoint (normal execution)

VM Mutex/Monitor currently owned by a thread:  ([mutex/lock_event])
[0x0000000002740bd0] CompiledIC_lock - owner thread: 0x000000001dbdb800

Heap:
 PSYoungGen      total 35840K, used 32644K [0x00000000d8300000, 0x00000000dab00000, 0x0000000100000000)
  eden space 30720K, 89% used [0x00000000d8300000,0x00000000d9de85b0,0x00000000da100000)
  from space 5120K, 99% used [0x00000000da100000,0x00000000da5f8d90,0x00000000da600000)
  to   space 5120K, 0% used [0x00000000da600000,0x00000000da600000,0x00000000dab00000)
 ParOldGen       total 81920K, used 1895K [0x0000000088800000, 0x000000008d800000, 0x00000000d8300000)
  object space 81920K, 2% used [0x0000000088800000,0x00000000889d9ed0,0x000000008d800000)
 Metaspace       used 20792K, capacity 21076K, committed 21296K, reserved 1069056K
  class space    used 2491K, capacity 2608K, committed 2688K, reserved 1048576K

Card table byte_map: [0x0000000011c10000,0x0000000011fd0000] byte_map_base: 0x00000000117cc000

Marking Bits: (ParMarkBitMap*) 0x000000005bc964f0
 Begin Bits: [0x0000000012650000, 0x0000000014430000)
 End Bits:   [0x0000000014430000, 0x0000000016210000)

Polling page: 0x0000000002600000

CodeCache: size=245760Kb used=4670Kb max_used=4670Kb free=241089Kb
 bounds [0x0000000002850000, 0x0000000002cf0000, 0x0000000011850000]
 total_blobs=1964 nmethods=1374 adapters=503
 compilation: enabled

Compilation events (10 events):
Event: 4.461 Thread 0x0000000016fa8800 1369   !   3       sun.nio.ch.NativeThreadSet::add (155 bytes)
Event: 4.462 Thread 0x0000000016fa8800 nmethod 1369 0x0000000002cdb090 code [0x0000000002cdb220, 0x0000000002cdb8c8]
Event: 4.462 Thread 0x0000000016fa8800 1370   !   3       sun.nio.ch.NativeThreadSet::remove (50 bytes)
Event: 4.463 Thread 0x0000000016fa8800 nmethod 1370 0x0000000002cdfbd0 code [0x0000000002cdfd40, 0x0000000002ce0188]
Event: 4.463 Thread 0x0000000016fa8800 1371       3       java.nio.channels.spi.AbstractInterruptibleChannel::end (50 bytes)
Event: 4.464 Thread 0x0000000016fa8800 nmethod 1371 0x0000000002ce0350 code [0x0000000002ce0520, 0x0000000002ce0c98]
Event: 4.482 Thread 0x0000000016fa8800 1372       3       java.lang.String::regionMatches (91 bytes)
Event: 4.482 Thread 0x0000000016fa8800 nmethod 1372 0x0000000002ce13d0 code [0x0000000002ce1540, 0x0000000002ce18f0]
Event: 4.482 Thread 0x0000000016fa8800 1373       3       java.lang.String::toUpperCase (8 bytes)
Event: 4.483 Thread 0x0000000016fa8800 nmethod 1373 0x0000000002ce1ad0 code [0x0000000002ce1c40, 0x0000000002ce1ea8]

GC Heap History (2 events):
Event: 3.384 GC heap before
{Heap before GC invocations=1 (full 0):
 PSYoungGen      total 35840K, used 30720K [0x00000000d8300000, 0x00000000dab00000, 0x0000000100000000)
  eden space 30720K, 100% used [0x00000000d8300000,0x00000000da100000,0x00000000da100000)
  from space 5120K, 0% used [0x00000000da600000,0x00000000da600000,0x00000000dab00000)
  to   space 5120K, 0% used [0x00000000da100000,0x00000000da100000,0x00000000da600000)
 ParOldGen       total 81920K, used 0K [0x0000000088800000, 0x000000008d800000, 0x00000000d8300000)
  object space 81920K, 0% used [0x0000000088800000,0x0000000088800000,0x000000008d800000)
 Metaspace       used 15980K, capacity 16206K, committed 16384K, reserved 1062912K
  class space    used 1876K, capacity 1967K, committed 2048K, reserved 1048576K
Event: 3.403 GC heap after
Heap after GC invocations=1 (full 0):
 PSYoungGen      total 35840K, used 5091K [0x00000000d8300000, 0x00000000dab00000, 0x0000000100000000)
  eden space 30720K, 0% used [0x00000000d8300000,0x00000000d8300000,0x00000000da100000)
  from space 5120K, 99% used [0x00000000da100000,0x00000000da5f8d90,0x00000000da600000)
  to   space 5120K, 0% used [0x00000000da600000,0x00000000da600000,0x00000000dab00000)
 ParOldGen       total 81920K, used 1895K [0x0000000088800000, 0x000000008d800000, 0x00000000d8300000)
  object space 81920K, 2% used [0x0000000088800000,0x00000000889d9ed0,0x000000008d800000)
 Metaspace       used 15980K, capacity 16206K, committed 16384K, reserved 1062912K
  class space    used 1876K, capacity 1967K, committed 2048K, reserved 1048576K
}

Deoptimization events (10 events):
Event: 3.212 Thread 0x00000000193bf000 Uncommon trap: reason=bimorphic action=maybe_recompile pc=0x0000000002bd7f18 method=java.util.Properties$LineReader.readLine()I @ 62
Event: 3.212 Thread 0x00000000193bf000 Uncommon trap: reason=unstable_if action=reinterpret pc=0x0000000002bd7e40 method=java.util.Properties$LineReader.readLine()I @ 252
Event: 3.239 Thread 0x00000000193bf000 Uncommon trap: reason=unstable_if action=reinterpret pc=0x0000000002ab0e80 method=sun.nio.cs.UTF_8$Decoder.decode([BII[C)I @ 30
Event: 3.260 Thread 0x00000000193bf000 Uncommon trap: reason=unstable_if action=reinterpret pc=0x0000000002bd93ac method=java.util.Properties.loadConvert([CII[C)Ljava/lang/String; @ 4
Event: 3.503 Thread 0x00000000193bf000 Uncommon trap: reason=unstable_if action=reinterpret pc=0x0000000002a9c85c method=java.lang.CharacterDataLatin1.digit(II)I @ 82
Event: 3.681 Thread 0x00000000193bf000 Uncommon trap: reason=unstable_if action=reinterpret pc=0x0000000002a9c494 method=java.lang.CharacterDataLatin1.digit(II)I @ 82
Event: 3.704 Thread 0x00000000193bf000 Uncommon trap: reason=bimorphic action=maybe_recompile pc=0x0000000002ac6664 method=java.util.regex.Pattern$BmpCharProperty.match(Ljava/util/regex/Matcher;ILjava/lang/CharSequence;)Z @ 16
Event: 3.704 Thread 0x00000000193bf000 Uncommon trap: reason=bimorphic action=maybe_recompile pc=0x0000000002ac6664 method=java.util.regex.Pattern$BmpCharProperty.match(Ljava/util/regex/Matcher;ILjava/lang/CharSequence;)Z @ 16
Event: 3.704 Thread 0x00000000193bf000 Uncommon trap: reason=bimorphic action=maybe_recompile pc=0x0000000002ac6664 method=java.util.regex.Pattern$BmpCharProperty.match(Ljava/util/regex/Matcher;ILjava/lang/CharSequence;)Z @ 16
Event: 3.704 Thread 0x00000000193bf000 Uncommon trap: reason=bimorphic action=maybe_recompile pc=0x0000000002ac6664 method=java.util.regex.Pattern$BmpCharProperty.match(Ljava/util/regex/Matcher;ILjava/lang/CharSequence;)Z @ 16

Internal exceptions (10 events):
Event: 0.436 Thread 0x0000000002742800 Exception <a 'java/security/PrivilegedActionException'> (0x00000000d87914a8) thrown at [D:\re\workspace\8-2-build-windows-amd64-cygwin\jdk8u92\6642\hotspot\src\share\vm\prims\jvm.cpp, line 1386]
Event: 0.448 Thread 0x0000000002742800 Exception <a 'java/io/FileNotFoundException'> (0x00000000d8794978) thrown at [D:\re\workspace\8-2-build-windows-amd64-cygwin\jdk8u92\6642\hotspot\src\share\vm\prims\jni.cpp, line 709]
Event: 0.547 Thread 0x0000000002742800 Exception <a 'java/lang/NoSuchFieldError': method resolution failed> (0x00000000d8861e00) thrown at [D:\re\workspace\8-2-build-windows-amd64-cygwin\jdk8u92\6642\hotspot\src\share\vm\prims\methodHandles.cpp, line 1146]
Event: 0.552 Thread 0x0000000002742800 Exception <a 'java/lang/NoSuchFieldError': method resolution failed> (0x00000000d886f150) thrown at [D:\re\workspace\8-2-build-windows-amd64-cygwin\jdk8u92\6642\hotspot\src\share\vm\prims\methodHandles.cpp, line 1146]
Event: 1.999 Thread 0x00000000193bf000 Exception <a 'java/net/ConnectException': Connection refused: connect> (0x00000000d8b27558) thrown at [D:\re\workspace\8-2-build-windows-amd64-cygwin\jdk8u92\6642\hotspot\src\share\vm\prims\jni.cpp, line 735]
Event: 2.134 Thread 0x00000000193bf000 Exception <a 'java/io/FileNotFoundException'> (0x00000000d8cd5e00) thrown at [D:\re\workspace\8-2-build-windows-amd64-cygwin\jdk8u92\6642\hotspot\src\share\vm\prims\jni.cpp, line 709]
Event: 2.280 Thread 0x00000000193bf000 Implicit null exception at 0x0000000002a5de54 to 0x0000000002a5e179
Event: 3.834 Thread 0x00000000193bf000 Exception <a 'java/lang/NullPointerException'> (0x00000000d8a2b078) thrown at [D:\re\workspace\8-2-build-windows-amd64-cygwin\jdk8u92\6642\hotspot\src\share\vm\interpreter\linkResolver.cpp, line 1280]
Event: 4.306 Thread 0x000000001d8ce000 Exception <a 'java/io/FileNotFoundException'> (0x00000000d9a4dba0) thrown at [D:\re\workspace\8-2-build-windows-amd64-cygwin\jdk8u92\6642\hotspot\src\share\vm\prims\jni.cpp, line 709]
Event: 4.482 Thread 0x000000001d8ce000 Exception <a 'java/io/FileNotFoundException'> (0x00000000d9d5a470) thrown at [D:\re\workspace\8-2-build-windows-amd64-cygwin\jdk8u92\6642\hotspot\src\share\vm\prims\jni.cpp, line 709]

Events (10 events):
Event: 4.484 loading class java/util/TooManyListenersException
Event: 4.485 loading class java/util/TooManyListenersException done
Event: 4.485 loading class gnu/io/RXTXPort$SerialOutputStream
Event: 4.485 loading class gnu/io/RXTXPort$SerialOutputStream done
Event: 4.486 loading class gnu/io/RXTXPort$SerialInputStream
Event: 4.486 loading class gnu/io/RXTXPort$SerialInputStream done
Event: 4.487 loading class gnu/io/Zystem
Event: 4.487 loading class gnu/io/Zystem done
Event: 4.488 loading class gnu/io/UnSupportedLoggerException
Event: 4.488 loading class gnu/io/UnSupportedLoggerException done


Dynamic libraries:
0x00007ff7d21f0000 - 0x00007ff7d2227000 	C:\Program Files\Java\jdk1.8.0_92\bin\java.exe
0x00007ff92dfd0000 - 0x00007ff92e192000 	C:\Windows\SYSTEM32\ntdll.dll
0x00007ff92b720000 - 0x00007ff92b7cd000 	C:\Windows\system32\KERNEL32.DLL
0x00007ff92b480000 - 0x00007ff92b65d000 	C:\Windows\system32\KERNELBASE.dll
0x00007ff92d510000 - 0x00007ff92d5b6000 	C:\Windows\system32\ADVAPI32.dll
0x00007ff92d130000 - 0x00007ff92d1cd000 	C:\Windows\system32\msvcrt.dll
0x00007ff92b660000 - 0x00007ff92b6bb000 	C:\Windows\system32\sechost.dll
0x00007ff92de90000 - 0x00007ff92dfb6000 	C:\Windows\system32\RPCRT4.dll
0x00007ff92d950000 - 0x00007ff92da9e000 	C:\Windows\system32\USER32.dll
0x00007ff92b7d0000 - 0x00007ff92b956000 	C:\Windows\system32\GDI32.dll
0x00007ff9209c0000 - 0x00007ff920c34000 	C:\Windows\WinSxS\amd64_microsoft.windows.common-controls_6595b64144ccf1df_6.0.10240.16384_none_f41f7b285750ef43\COMCTL32.dll
0x00007ff92d460000 - 0x00007ff92d496000 	C:\Windows\system32\IMM32.DLL
0x00007ff92d230000 - 0x00007ff92d38c000 	C:\Windows\system32\MSCTF.dll
0x000000005b3a0000 - 0x000000005b472000 	C:\Program Files\Java\jdk1.8.0_92\jre\bin\msvcr100.dll
0x000000005b480000 - 0x000000005bd16000 	C:\Program Files\Java\jdk1.8.0_92\jre\bin\server\jvm.dll
0x00007ff92dfc0000 - 0x00007ff92dfc8000 	C:\Windows\system32\PSAPI.DLL
0x00007ff9290c0000 - 0x00007ff9290e3000 	C:\Windows\SYSTEM32\WINMM.dll
0x00007ff927d40000 - 0x00007ff927d4a000 	C:\Windows\SYSTEM32\VERSION.dll
0x00000000025d0000 - 0x00000000025fc000 	C:\Windows\SYSTEM32\WINMMBASE.dll
0x00007ff9257b0000 - 0x00007ff9257b9000 	C:\Windows\SYSTEM32\WSOCK32.dll
0x00007ff92d3f0000 - 0x00007ff92d459000 	C:\Windows\system32\WS2_32.dll
0x00007ff92b430000 - 0x00007ff92b474000 	C:\Windows\system32\cfgmgr32.dll
0x00007ff92d5c0000 - 0x00007ff92d5c8000 	C:\Windows\system32\NSI.dll
0x00007ff929330000 - 0x00007ff929357000 	C:\Windows\SYSTEM32\DEVOBJ.dll
0x000000005b350000 - 0x000000005b35f000 	C:\Program Files\Java\jdk1.8.0_92\jre\bin\verify.dll
0x000000005b320000 - 0x000000005b349000 	C:\Program Files\Java\jdk1.8.0_92\jre\bin\java.dll
0x000000005b300000 - 0x000000005b316000 	C:\Program Files\Java\jdk1.8.0_92\jre\bin\zip.dll
0x00007ff92bbc0000 - 0x00007ff92d128000 	C:\Windows\system32\SHELL32.dll
0x00007ff92ac30000 - 0x00007ff92b258000 	C:\Windows\system32\windows.storage.dll
0x00007ff92daa0000 - 0x00007ff92dd1c000 	C:\Windows\system32\combase.dll
0x00007ff92b6c0000 - 0x00007ff92b711000 	C:\Windows\system32\shlwapi.dll
0x00007ff92aa50000 - 0x00007ff92aa5f000 	C:\Windows\system32\kernel.appcore.dll
0x00007ff92b370000 - 0x00007ff92b423000 	C:\Windows\system32\shcore.dll
0x00007ff92a9c0000 - 0x00007ff92aa0a000 	C:\Windows\system32\powrprof.dll
0x00007ff92aa30000 - 0x00007ff92aa43000 	C:\Windows\system32\profapi.dll
0x00007ff92d890000 - 0x00007ff92d94e000 	C:\Windows\system32\OLEAUT32.dll
0x000000005b120000 - 0x000000005b2b8000 	C:\Program Files\Java\jdk1.8.0_92\jre\bin\awt.dll
0x00007ff928760000 - 0x00007ff9287d8000 	C:\Windows\system32\apphelp.dll
0x00007ff929290000 - 0x00007ff929326000 	C:\Windows\system32\uxtheme.dll
0x00007ff928230000 - 0x00007ff928252000 	C:\Windows\system32\dwmapi.dll
0x00007ff92dd40000 - 0x00007ff92de81000 	C:\Windows\system32\ole32.dll
0x00007ff92a810000 - 0x00007ff92a87b000 	C:\Windows\SYSTEM32\bcryptPrimitives.dll
0x000000005b2e0000 - 0x000000005b2fa000 	C:\Program Files\Java\jdk1.8.0_92\jre\bin\net.dll
0x00007ff92a230000 - 0x00007ff92a28d000 	C:\Windows\system32\mswsock.dll
0x00007ff91e510000 - 0x00007ff91e525000 	C:\Windows\system32\napinsp.dll
0x00007ff91e6a0000 - 0x00007ff91e6ba000 	C:\Windows\system32\pnrpnsp.dll
0x00007ff926d60000 - 0x00007ff926d78000 	C:\Windows\system32\NLAapi.dll
0x00007ff929fd0000 - 0x00007ff92a078000 	C:\Windows\SYSTEM32\DNSAPI.dll
0x00007ff91f090000 - 0x00007ff91f09d000 	C:\Windows\System32\winrnr.dll
0x00007ff91f070000 - 0x00007ff91f085000 	C:\Windows\system32\wshbth.dll
0x00007ff9263c0000 - 0x00007ff9263ca000 	C:\Windows\System32\rasadhlp.dll
0x00007ff928d60000 - 0x00007ff928d98000 	C:\Windows\SYSTEM32\IPHLPAPI.DLL
0x00007ff928ce0000 - 0x00007ff928ceb000 	C:\Windows\SYSTEM32\WINNSI.DLL
0x00007ff926460000 - 0x00007ff9264c8000 	C:\Windows\System32\fwpuclnt.dll
0x00007ff92a500000 - 0x00007ff92a528000 	C:\Windows\SYSTEM32\bcrypt.dll
0x00007ff92a290000 - 0x00007ff92a2a7000 	C:\Windows\SYSTEM32\CRYPTSP.dll
0x00007ff929ee0000 - 0x00007ff929f13000 	C:\Windows\system32\rsaenh.dll
0x00007ff92a080000 - 0x00007ff92a09f000 	C:\Windows\SYSTEM32\USERENV.dll
0x00007ff92a400000 - 0x00007ff92a40b000 	C:\Windows\SYSTEM32\CRYPTBASE.dll
0x00007ff926c30000 - 0x00007ff926c46000 	C:\Windows\SYSTEM32\dhcpcsvc6.DLL
0x00007ff926c10000 - 0x00007ff926c2a000 	C:\Windows\SYSTEM32\dhcpcsvc.DLL
0x000000005b2c0000 - 0x000000005b2d1000 	C:\Program Files\Java\jdk1.8.0_92\jre\bin\nio.dll
0x00007ff8ff4b0000 - 0x00007ff8ff6c0000 	C:\Windows\system32\d3d9.dll
0x00007ff927d50000 - 0x00007ff927eb4000 	C:\Windows\SYSTEM32\aticfx64.dll
0x00007ff919850000 - 0x00007ff919871000 	C:\Windows\SYSTEM32\atiu9p64.dll
0x00007ff8fec50000 - 0x00007ff8ff4a9000 	C:\Windows\SYSTEM32\atiumd64.dll
0x000000005c9b0000 - 0x000000005d238000 	C:\Windows\SYSTEM32\atiumd6a.dll
0x0000000059210000 - 0x0000000059234000 	C:\Program Files\Java\jdk1.8.0_92\jre\bin\sunec.dll
0x000000005b0d0000 - 0x000000005b117000 	C:\Program Files\Java\jdk1.8.0_92\jre\bin\fontmanager.dll
0x000000005b080000 - 0x000000005b0c2000 	C:\Program Files\Java\jdk1.8.0_92\jre\bin\t2k.dll
0x0000000180000000 - 0x0000000180025000 	C:\Program Files\Java\jdk1.8.0_92\jre\bin\rxtxSerial.dll
0x00007ff91e2e0000 - 0x00007ff91e364000 	C:\Windows\SYSTEM32\WINSPOOL.DRV
0x00007ff920c90000 - 0x00007ff920e1a000 	C:\Windows\SYSTEM32\dbghelp.dll

VM Arguments:
jvm_args: -Dfile.encoding=UTF-8 
java_command: uk.chromis.pos.forms.StartPOS
java_class_path (initial): C:\chromispos\lib\AbsoluteLayout-RELEASE802.jar;C:\chromispos\lib\RXTXcomm.jar;C:\chromispos\lib\SteelCheckBox.jar;C:\chromispos\lib\activation-1.0.2.jar;C:\chromispos\lib\ant-1.6.5.jar;C:\chromispos\lib\aopalliance-1.0.jar;C:\chromispos\lib\asm-all-2.2.3.jar;C:\chromispos\lib\avalon-framework-impl-4.2.0.jar;C:\chromispos\lib\axis-1.4.jar;C:\chromispos\lib\axis-jaxrpc-1.4.jar;C:\chromispos\lib\axis-wsdl4j-1.5.1.jar;C:\chromispos\lib\backport-util-concurrent-3.1.jar;C:\chromispos\lib\barcode4j-2.1.jar;C:\chromispos\lib\batik-awt-util-1.6.jar;C:\chromispos\lib\batik-bridge-1.6.jar;C:\chromispos\lib\batik-css-1.6.jar;C:\chromispos\lib\batik-dom-1.6.jar;C:\chromispos\lib\batik-ext-1.6.jar;C:\chromispos\lib\batik-gvt-1.6.jar;C:\chromispos\lib\batik-parser-1.6.jar;C:\chromispos\lib\batik-script-1.6.jar;C:\chromispos\lib\batik-svg-dom-1.6.jar;C:\chromispos\lib\batik-svggen-1.6.jar;C:\chromispos\lib\batik-util-1.6.jar;C:\chromispos\lib\batik-xml-1.6.jar;C:\chromispos\lib\bcmail-jdk14-138.jar;C:\chromispos\lib\bcpg-jdk15on-1.50.jar;C:\chromispos\lib\bcprov-jdk14-1.38.jar;C:\chromispos\lib\bcprov-jdk15on-1.50.jar;C:\chromispos\lib\bctsp-jdk14-1.38.jar;C:\chromispos\lib\bluecove-gpl-2.1.0.jar;C:\chromispos\lib\bsh-2.0b5.jar;C:\chromispos\lib\colorpicker.jar;C:\chromispos\lib\commons-beanutils-1.9.2.jar;C:\chromispos\lib\commons-codec-1.10.jar;C:\chromispos\lib\commons-collections-3.2.1.jar;C:\chromispos\lib\commons-digester-2.1.jar;C:\chromispos\lib\commons-discovery-0.5.jar;C:\chromispos\lib\commons-io-2.4.jar;C:\chromispos\lib\commons-lang-2.6.jar;C:\chromispos\lib\commons-logging-1.1.1.jar;C:\chromispos\lib\core-3.2.1.jar;C:\chromispos\lib\derby-10.10.2.0.jar;C:\chromispos\lib\ecj-4.4.2.jar;C:\chromispos\lib\gson-2.2.2.jar;C:\chromispos\lib\hamcrest-core-1.3.jar;C:\chromispos\lib\httpclient-4.0-alpha4.jar;C:\chromispos\lib\httpcore-4.0-beta1.jar;C:\chromispos\lib\images.jar;C:\chromispos\lib\itext-2.1.7.jar;C:\chromispos\lib\jasper-compiler-jdt-
Launcher Type: SUN_STANDARD

Environment Variables:
PATH=C:\ProgramData\Oracle\Java\javapath;C:\Windows\system32;C:\Windows;C:\Windows\System32\Wbem;C:\Windows\System32\WindowsPowerShell\v1.0\;C:\Program Files (x86)\ATI Technologies\ATI.ACE\Core-Static;C:\Program Files (x86)\MySQL\MySQL Fabric 1.5 & MySQL Utilities 1.5\;C:\Program Files (x86)\MySQL\MySQL Fabric 1.5 & MySQL Utilities 1.5\Doctrine extensions for PHP\
USERNAME=javier
OS=Windows_NT
PROCESSOR_IDENTIFIER=AMD64 Family 21 Model 96 Stepping 1, AuthenticAMD



---------------  S Y S T E M  ---------------

OS: Windows 10.0 , 64 bit Build 10240 (10.0.10240.16384)

CPU:total 4 (4 cores per cpu, 1 threads per core) family 21 model 96 stepping 1, cmov, cx8, fxsr, mmx, sse, sse2, sse3, ssse3, sse4.1, sse4.2, popcnt, avx, avx2, aes, clmul, mmxext, 3dnowpref, lzcnt, sse4a, tsc, tscinvbit, tscinv, bmi1

Memory: 4k page, physical 7824632k(3922472k free), swap 9725176k(4576256k free)

vm_info: Java HotSpot(TM) 64-Bit Server VM (25.92-b14) for windows-amd64 JRE (1.8.0_92-b14), built on Mar 31 2016 21:03:04 by "java_re" with MS VC++ 10.0 (VS2010)

time: Tue May 24 18:22:30 2016
elapsed time: 4 seconds (0d 0h 0m 4s)

