#
# A fatal error has been detected by the Java Runtime Environment:
#
#  EXCEPTION_ACCESS_VIOLATION (0xc0000005) at pc=0x0000000180008790, pid=5676, tid=0x0000000000002140
#
# JRE version: Java(TM) SE Runtime Environment (8.0_92-b14) (build 1.8.0_92-b14)
# Java VM: Java HotSpot(TM) 64-Bit Server VM (25.92-b14 mixed mode windows-amd64 compressed oops)
# Problematic frame:
# C  [rxtxSerial.dll+0x8790]
#
# Failed to write core dump. Minidumps are not enabled by default on client versions of Windows
#
# If you would like to submit a bug report, please visit:
#   http://bugreport.java.com/bugreport/crash.jsp
# The crash happened outside the Java Virtual Machine in native code.
# See problematic frame for where to report the bug.
#

---------------  T H R E A D  ---------------

Current thread (0x000000001dc04800):  JavaThread "pool-1-thread-1" [_thread_in_native, id=8512, stack(0x000000001f4e0000,0x000000001f5e0000)]

siginfo: ExceptionCode=0xc0000005, reading address 0x00000000000000f8

Registers:
RAX=0x0000000000000002, RBX=0x000000001f8812d0, RCX=0x0000000000000001, RDX=0x0000000000000000
RSP=0x000000001f5def90, RBP=0x000000001f5df200, RSI=0x000000001dc19cf9, RDI=0x0000000000000000
R8 =0x0000000000000000, R9 =0x0000000000000000, R10=0x00007ff92e0d5f30, R11=0x0000000000000002
R12=0x000000001f5df208, R13=0x000000001f3ef238, R14=0x000000001f5df208, R15=0x000000001dc04800
RIP=0x0000000180008790, EFLAGS=0x0000000000010202

Top of Stack: (sp=0x000000001f5def90)
0x000000001f5def90:   000000001f8812d0 000000001dc19cf0
0x000000001f5defa0:   000000001dc04800 0000000000000009
0x000000001f5defb0:   000000001dc19cf0 000000018000aab4
0x000000001f5defc0:   000000001dc049f8 0000000000000106
0x000000001f5defd0:   000000001f3ef238 000000001f5df208
0x000000001f5defe0:   000000001dd4d450 000000001dc19cf0
0x000000001f5deff0:   000000001f5df200 000000018000b7fe
0x000000001f5df000:   0000000000000008 000000001f3ef238
0x000000001f5df010:   000000001dc049f8 0000000000000000
0x000000001f5df020:   000000001dc04800 0000000000000000
0x000000001f5df030:   0000b5d0c49ff6a5 000000007fffffdc
0x000000001f5df040:   000000001f5df0d0 0000000000000042
0x000000001f5df050:   000000001dc049f8 0000000000000000
0x000000001f5df060:   000000001dc19cf0 000000018000213d
0x000000001f5df070:   000000001f5df200 000000018001c0b0
0x000000001f5df080:   0000000000000000 0000000180000000 

Instructions: (pc=0x0000000180008790)
0x0000000180008770:   89 83 00 01 00 00 48 89 1d 73 6f 01 00 48 8b c3
0x0000000180008780:   48 8b 5c 24 30 48 8b 74 24 38 48 83 c4 20 5f c3
0x0000000180008790:   39 87 f8 00 00 00 7d 20 0f 1f 84 00 00 00 00 00
0x00000001800087a0:   48 8b 87 00 01 00 00 48 85 c0 74 0c 44 39 98 f8 


Register to memory mapping:

RAX=0x0000000000000002 is an unknown value
RBX=0x000000001f8812d0 is an unknown value
RCX=0x0000000000000001 is an unknown value
RDX=0x0000000000000000 is an unknown value
RSP=0x000000001f5def90 is pointing into the stack for thread: 0x000000001dc04800
RBP=0x000000001f5df200 is pointing into the stack for thread: 0x000000001dc04800
RSI=0x000000001dc19cf9 is an unknown value
RDI=0x0000000000000000 is an unknown value
R8 =0x0000000000000000 is an unknown value
R9 =0x0000000000000000 is an unknown value
R10=0x00007ff92e0d5f30 is an unknown value
R11=0x0000000000000002 is an unknown value
R12=0x000000001f5df208 is pointing into the stack for thread: 0x000000001dc04800
R13=0x000000001f3ef238 is pointing into metadata
R14=0x000000001f5df208 is pointing into the stack for thread: 0x000000001dc04800
R15=0x000000001dc04800 is a thread


Stack: [0x000000001f4e0000,0x000000001f5e0000],  sp=0x000000001f5def90,  free space=1019k
Native frames: (J=compiled Java code, j=interpreted, Vv=VM code, C=native code)
C  [rxtxSerial.dll+0x8790]
C  [rxtxSerial.dll+0xaab4]
C  [rxtxSerial.dll+0x213d]
C  0x0000000002be8417

Java frames: (J=compiled Java code, j=interpreted, Vv=VM code)
j  gnu.io.RXTXPort.open(Ljava/lang/String;)I+0
j  gnu.io.RXTXPort.<init>(Ljava/lang/String;)V+125
j  gnu.io.RXTXCommDriver.getCommPort(Ljava/lang/String;I)Lgnu/io/CommPort;+78
j  gnu.io.CommPortIdentifier.open(Ljava/lang/String;I)Lgnu/io/CommPort;+171
j  uk.chromis.pos.printer.escpos.PrinterWritterRXTX.internalWrite([B)V+28
j  uk.chromis.pos.printer.escpos.PrinterWritter$1.run()V+8
j  java.util.concurrent.ThreadPoolExecutor.runWorker(Ljava/util/concurrent/ThreadPoolExecutor$Worker;)V+95
j  java.util.concurrent.ThreadPoolExecutor$Worker.run()V+5
j  java.lang.Thread.run()V+11
v  ~StubRoutines::call_stub

---------------  P R O C E S S  ---------------

Java Threads: ( => current thread )
  0x000000001dc05800 JavaThread "TimerQueue" daemon [_thread_blocked, id=520, stack(0x000000001f890000,0x000000001f990000)]
  0x000000001dc07800 JavaThread "Thread-3" daemon [_thread_in_native, id=552, stack(0x000000001f6e0000,0x000000001f7e0000)]
  0x000000001dc08800 JavaThread "pool-2-thread-1" [_thread_in_native, id=1552, stack(0x000000001f5e0000,0x000000001f6e0000)]
=>0x000000001dc04800 JavaThread "pool-1-thread-1" [_thread_in_native, id=8512, stack(0x000000001f4e0000,0x000000001f5e0000)]
  0x000000001dbb7800 JavaThread "Abandoned connection cleanup thread" daemon [_thread_blocked, id=2244, stack(0x000000001efe0000,0x000000001f0e0000)]
  0x000000001db12000 JavaThread "Image Fetcher 1" daemon [_thread_blocked, id=592, stack(0x000000001ebe0000,0x000000001ece0000)]
  0x000000001dbc7000 JavaThread "Image Fetcher 0" daemon [_thread_blocked, id=664, stack(0x000000001eae0000,0x000000001ebe0000)]
  0x00000000026ec000 JavaThread "DestroyJavaVM" [_thread_blocked, id=5228, stack(0x0000000002ad0000,0x0000000002bd0000)]
  0x0000000019d5f000 JavaThread "AWT-EventQueue-0" [_thread_in_native, id=2128, stack(0x000000001a380000,0x000000001a480000)]
  0x0000000019d5d800 JavaThread "AWT-Windows" daemon [_thread_in_native, id=6556, stack(0x000000001a1c0000,0x000000001a2c0000)]
  0x0000000019ce3000 JavaThread "AWT-Shutdown" [_thread_blocked, id=2308, stack(0x000000001a0c0000,0x000000001a1c0000)]
  0x0000000019ce2800 JavaThread "Java2D Disposer" daemon [_thread_blocked, id=5512, stack(0x0000000019fc0000,0x000000001a0c0000)]
  0x0000000018c57000 JavaThread "Service Thread" daemon [_thread_blocked, id=1168, stack(0x00000000194c0000,0x00000000195c0000)]
  0x0000000018bda800 JavaThread "C1 CompilerThread2" daemon [_thread_blocked, id=5132, stack(0x00000000193c0000,0x00000000194c0000)]
  0x0000000018bd3800 JavaThread "C2 CompilerThread1" daemon [_thread_blocked, id=9748, stack(0x00000000192c0000,0x00000000193c0000)]
  0x0000000018bd0800 JavaThread "C2 CompilerThread0" daemon [_thread_blocked, id=8908, stack(0x00000000191c0000,0x00000000192c0000)]
  0x0000000018bcf000 JavaThread "Attach Listener" daemon [_thread_blocked, id=9724, stack(0x00000000190c0000,0x00000000191c0000)]
  0x0000000018bce800 JavaThread "Signal Dispatcher" daemon [_thread_blocked, id=9352, stack(0x0000000018fc0000,0x00000000190c0000)]
  0x0000000017786000 JavaThread "Finalizer" daemon [_thread_blocked, id=5376, stack(0x00000000189c0000,0x0000000018ac0000)]
  0x000000001775b000 JavaThread "Reference Handler" daemon [_thread_blocked, id=10032, stack(0x00000000188c0000,0x00000000189c0000)]

Other Threads:
  0x0000000017754800 VMThread [stack: 0x00000000187c0000,0x00000000188c0000] [id=2020]
  0x0000000018c5b000 WatcherThread [stack: 0x00000000195c0000,0x00000000196c0000] [id=9004]

VM state:not at safepoint (normal execution)

VM Mutex/Monitor currently owned by a thread: None

Heap:
 PSYoungGen      total 35840K, used 17743K [0x00000000d8300000, 0x00000000dab00000, 0x0000000100000000)
  eden space 30720K, 41% used [0x00000000d8300000,0x00000000d8f5a720,0x00000000da100000)
  from space 5120K, 99% used [0x00000000da600000,0x00000000daaf97f0,0x00000000dab00000)
  to   space 5120K, 0% used [0x00000000da100000,0x00000000da100000,0x00000000da600000)
 ParOldGen       total 81920K, used 2372K [0x0000000088800000, 0x000000008d800000, 0x00000000d8300000)
  object space 81920K, 2% used [0x0000000088800000,0x0000000088a511e8,0x000000008d800000)
 Metaspace       used 20306K, capacity 20532K, committed 20864K, reserved 1067008K
  class space    used 2491K, capacity 2576K, committed 2688K, reserved 1048576K

Card table byte_map: [0x00000000123d0000,0x0000000012790000] byte_map_base: 0x0000000011f8c000

Marking Bits: (ParMarkBitMap*) 0x000000005c0764f0
 Begin Bits: [0x0000000012e10000, 0x0000000014bf0000)
 End Bits:   [0x0000000014bf0000, 0x00000000169d0000)

Polling page: 0x00000000010b0000

CodeCache: size=245760Kb used=4690Kb max_used=4699Kb free=241069Kb
 bounds [0x0000000002bd0000, 0x0000000003070000, 0x0000000011bd0000]
 total_blobs=1953 nmethods=1363 adapters=503
 compilation: enabled

Compilation events (10 events):
Event: 4.092 Thread 0x0000000018bda800 nmethod 1354 0x0000000003065250 code [0x00000000030653c0, 0x00000000030655e8]
Event: 4.101 Thread 0x0000000018bda800 1355       3       java.nio.Bits::byteOrder (20 bytes)
Event: 4.101 Thread 0x0000000018bda800 nmethod 1355 0x0000000003065710 code [0x0000000003065860, 0x00000000030659b0]
Event: 4.148 Thread 0x0000000018bd3800 1357       4       java.lang.String::indexOf (7 bytes)
Event: 4.149 Thread 0x0000000018bda800 1358       1       java.util.Locale::getDefault (4 bytes)
Event: 4.149 Thread 0x0000000018bda800 nmethod 1358 0x0000000003065dd0 code [0x0000000003065f20, 0x0000000003066010]
Event: 4.150 Thread 0x0000000018bda800 1359       3       java.lang.String::regionMatches (91 bytes)
Event: 4.151 Thread 0x0000000018bda800 nmethod 1359 0x0000000003066410 code [0x0000000003066580, 0x0000000003066930]
Event: 4.151 Thread 0x0000000018bda800 1360       3       java.lang.String::toUpperCase (8 bytes)
Event: 4.151 Thread 0x0000000018bda800 nmethod 1360 0x0000000003066b10 code [0x0000000003066c80, 0x0000000003066ee8]

GC Heap History (4 events):
Event: 2.401 GC heap before
{Heap before GC invocations=1 (full 0):
 PSYoungGen      total 35840K, used 30720K [0x00000000d8300000, 0x00000000dab00000, 0x0000000100000000)
  eden space 30720K, 100% used [0x00000000d8300000,0x00000000da100000,0x00000000da100000)
  from space 5120K, 0% used [0x00000000da600000,0x00000000da600000,0x00000000dab00000)
  to   space 5120K, 0% used [0x00000000da100000,0x00000000da100000,0x00000000da600000)
 ParOldGen       total 81920K, used 0K [0x0000000088800000, 0x000000008d800000, 0x00000000d8300000)
  object space 81920K, 0% used [0x0000000088800000,0x0000000088800000,0x000000008d800000)
 Metaspace       used 11020K, capacity 11298K, committed 11520K, reserved 1058816K
  class space    used 1321K, capacity 1421K, committed 1536K, reserved 1048576K
Event: 2.412 GC heap after
Heap after GC invocations=1 (full 0):
 PSYoungGen      total 35840K, used 4168K [0x00000000d8300000, 0x00000000dab00000, 0x0000000100000000)
  eden space 30720K, 0% used [0x00000000d8300000,0x00000000d8300000,0x00000000da100000)
  from space 5120K, 81% used [0x00000000da100000,0x00000000da5120a0,0x00000000da600000)
  to   space 5120K, 0% used [0x00000000da600000,0x00000000da600000,0x00000000dab00000)
 ParOldGen       total 81920K, used 16K [0x0000000088800000, 0x000000008d800000, 0x00000000d8300000)
  object space 81920K, 0% used [0x0000000088800000,0x0000000088804000,0x000000008d800000)
 Metaspace       used 11020K, capacity 11298K, committed 11520K, reserved 1058816K
  class space    used 1321K, capacity 1421K, committed 1536K, reserved 1048576K
}
Event: 3.583 GC heap before
{Heap before GC invocations=2 (full 0):
 PSYoungGen      total 35840K, used 34888K [0x00000000d8300000, 0x00000000dab00000, 0x0000000100000000)
  eden space 30720K, 100% used [0x00000000d8300000,0x00000000da100000,0x00000000da100000)
  from space 5120K, 81% used [0x00000000da100000,0x00000000da5120a0,0x00000000da600000)
  to   space 5120K, 0% used [0x00000000da600000,0x00000000da600000,0x00000000dab00000)
 ParOldGen       total 81920K, used 16K [0x0000000088800000, 0x000000008d800000, 0x00000000d8300000)
  object space 81920K, 0% used [0x0000000088800000,0x0000000088804000,0x000000008d800000)
 Metaspace       used 18367K, capacity 18574K, committed 18688K, reserved 1064960K
  class space    used 2197K, capacity 2287K, committed 2304K, reserved 1048576K
Event: 3.599 GC heap after
Heap after GC invocations=2 (full 0):
 PSYoungGen      total 35840K, used 5093K [0x00000000d8300000, 0x00000000dab00000, 0x0000000100000000)
  eden space 30720K, 0% used [0x00000000d8300000,0x00000000d8300000,0x00000000da100000)
  from space 5120K, 99% used [0x00000000da600000,0x00000000daaf97f0,0x00000000dab00000)
  to   space 5120K, 0% used [0x00000000da100000,0x00000000da100000,0x00000000da600000)
 ParOldGen       total 81920K, used 2372K [0x0000000088800000, 0x000000008d800000, 0x00000000d8300000)
  object space 81920K, 2% used [0x0000000088800000,0x0000000088a511e8,0x000000008d800000)
 Metaspace       used 18367K, capacity 18574K, committed 18688K, reserved 1064960K
  class space    used 2197K, capacity 2287K, committed 2304K, reserved 1048576K
}

Deoptimization events (10 events):
Event: 3.322 Thread 0x0000000019d5f000 Uncommon trap: reason=bimorphic action=maybe_recompile pc=0x0000000002e3cce4 method=java.util.regex.Pattern$BmpCharProperty.match(Ljava/util/regex/Matcher;ILjava/lang/CharSequence;)Z @ 16
Event: 3.322 Thread 0x0000000019d5f000 Uncommon trap: reason=bimorphic action=maybe_recompile pc=0x0000000002e3cce4 method=java.util.regex.Pattern$BmpCharProperty.match(Ljava/util/regex/Matcher;ILjava/lang/CharSequence;)Z @ 16
Event: 3.322 Thread 0x0000000019d5f000 Uncommon trap: reason=bimorphic action=maybe_recompile pc=0x0000000002e3cce4 method=java.util.regex.Pattern$BmpCharProperty.match(Ljava/util/regex/Matcher;ILjava/lang/CharSequence;)Z @ 16
Event: 3.322 Thread 0x0000000019d5f000 Uncommon trap: reason=bimorphic action=maybe_recompile pc=0x0000000002e3cce4 method=java.util.regex.Pattern$BmpCharProperty.match(Ljava/util/regex/Matcher;ILjava/lang/CharSequence;)Z @ 16
Event: 3.652 Thread 0x0000000019d5f000 Uncommon trap: reason=unstable_if action=reinterpret pc=0x0000000002fee618 method=java.util.BitSet.get(I)Z @ 60
Event: 3.654 Thread 0x0000000019d5f000 Uncommon trap: reason=bimorphic action=maybe_recompile pc=0x0000000002edbdd4 method=java.io.BufferedInputStream.read1([BII)I @ 39
Event: 3.654 Thread 0x0000000019d5f000 Uncommon trap: reason=bimorphic action=maybe_recompile pc=0x0000000002edbdd4 method=java.io.BufferedInputStream.read1([BII)I @ 39
Event: 3.753 Thread 0x0000000019d5f000 Uncommon trap: reason=bimorphic action=maybe_recompile pc=0x0000000002edbdd4 method=java.io.BufferedInputStream.read1([BII)I @ 39
Event: 3.753 Thread 0x0000000019d5f000 Uncommon trap: reason=bimorphic action=maybe_recompile pc=0x0000000002edbdd4 method=java.io.BufferedInputStream.read1([BII)I @ 39
Event: 3.958 Thread 0x0000000019d5f000 Uncommon trap: reason=unstable_if action=reinterpret pc=0x0000000002e21d80 method=sun.nio.cs.UTF_8$Decoder.decode([BII[C)I @ 30

Internal exceptions (10 events):
Event: 3.424 Thread 0x0000000019d5f000 Exception <a 'java/io/IOException'> (0x00000000d99af228) thrown at [D:\re\workspace\8-2-build-windows-amd64-cygwin\jdk8u92\6642\hotspot\src\share\vm\prims\jni.cpp, line 709]
Event: 3.736 Thread 0x0000000019d5f000 Exception <a 'java/io/IOException'> (0x00000000d88be378) thrown at [D:\re\workspace\8-2-build-windows-amd64-cygwin\jdk8u92\6642\hotspot\src\share\vm\prims\jni.cpp, line 709]
Event: 3.830 Thread 0x0000000019d5f000 Exception <a 'java/io/IOException'> (0x00000000d8b91a30) thrown at [D:\re\workspace\8-2-build-windows-amd64-cygwin\jdk8u92\6642\hotspot\src\share\vm\prims\jni.cpp, line 709]
Event: 3.919 Thread 0x0000000019d5f000 Exception <a 'java/io/IOException'> (0x00000000d8be27d8) thrown at [D:\re\workspace\8-2-build-windows-amd64-cygwin\jdk8u92\6642\hotspot\src\share\vm\prims\jni.cpp, line 709]
Event: 3.919 Thread 0x0000000019d5f000 Exception <a 'java/io/IOException'> (0x00000000d8be2a68) thrown at [D:\re\workspace\8-2-build-windows-amd64-cygwin\jdk8u92\6642\hotspot\src\share\vm\prims\jni.cpp, line 709]
Event: 3.919 Thread 0x0000000019d5f000 Exception <a 'java/io/IOException'> (0x00000000d8be2cc8) thrown at [D:\re\workspace\8-2-build-windows-amd64-cygwin\jdk8u92\6642\hotspot\src\share\vm\prims\jni.cpp, line 709]
Event: 3.931 Thread 0x000000001dc04800 Exception <a 'java/io/FileNotFoundException'> (0x00000000d8c4ad80) thrown at [D:\re\workspace\8-2-build-windows-amd64-cygwin\jdk8u92\6642\hotspot\src\share\vm\prims\jni.cpp, line 709]
Event: 3.957 Thread 0x0000000019d5f000 Exception <a 'java/io/IOException'> (0x00000000d8ca0698) thrown at [D:\re\workspace\8-2-build-windows-amd64-cygwin\jdk8u92\6642\hotspot\src\share\vm\prims\jni.cpp, line 709]
Event: 3.986 Thread 0x0000000019d5f000 Exception <a 'java/io/IOException'> (0x00000000d8d69620) thrown at [D:\re\workspace\8-2-build-windows-amd64-cygwin\jdk8u92\6642\hotspot\src\share\vm\prims\jni.cpp, line 709]
Event: 4.151 Thread 0x000000001dc04800 Exception <a 'java/io/FileNotFoundException'> (0x00000000d8e73670) thrown at [D:\re\workspace\8-2-build-windows-amd64-cygwin\jdk8u92\6642\hotspot\src\share\vm\prims\jni.cpp, line 709]

Events (10 events):
Event: 4.153 loading class java/util/TooManyListenersException
Event: 4.153 loading class java/util/TooManyListenersException done
Event: 4.153 loading class gnu/io/RXTXPort$SerialOutputStream
Event: 4.153 loading class gnu/io/RXTXPort$SerialOutputStream done
Event: 4.154 loading class gnu/io/RXTXPort$SerialInputStream
Event: 4.154 loading class gnu/io/RXTXPort$SerialInputStream done
Event: 4.155 loading class gnu/io/Zystem
Event: 4.155 loading class gnu/io/Zystem done
Event: 4.155 loading class gnu/io/UnSupportedLoggerException
Event: 4.155 loading class gnu/io/UnSupportedLoggerException done


Dynamic libraries:
0x00007ff606e80000 - 0x00007ff606eb7000 	C:\ProgramData\Oracle\Java\javapath\javaw.exe
0x00007ff92dfd0000 - 0x00007ff92e192000 	C:\Windows\SYSTEM32\ntdll.dll
0x00007ff92b720000 - 0x00007ff92b7cd000 	C:\Windows\system32\KERNEL32.DLL
0x00007ff92b480000 - 0x00007ff92b65d000 	C:\Windows\system32\KERNELBASE.dll
0x00007ff92d510000 - 0x00007ff92d5b6000 	C:\Windows\system32\ADVAPI32.dll
0x00007ff92d130000 - 0x00007ff92d1cd000 	C:\Windows\system32\msvcrt.dll
0x00007ff92b660000 - 0x00007ff92b6bb000 	C:\Windows\system32\sechost.dll
0x00007ff92de90000 - 0x00007ff92dfb6000 	C:\Windows\system32\RPCRT4.dll
0x00007ff92d950000 - 0x00007ff92da9e000 	C:\Windows\system32\USER32.dll
0x00007ff92b7d0000 - 0x00007ff92b956000 	C:\Windows\system32\GDI32.dll
0x00007ff9209c0000 - 0x00007ff920c34000 	C:\Windows\WinSxS\amd64_microsoft.windows.common-controls_6595b64144ccf1df_6.0.10240.16384_none_f41f7b285750ef43\COMCTL32.dll
0x00007ff92d460000 - 0x00007ff92d496000 	C:\Windows\system32\IMM32.DLL
0x00007ff92d230000 - 0x00007ff92d38c000 	C:\Windows\system32\MSCTF.dll
0x000000005c100000 - 0x000000005c1d2000 	C:\Program Files\Java\jre1.8.0_92\bin\msvcr100.dll
0x000000005b860000 - 0x000000005c0f6000 	C:\Program Files\Java\jre1.8.0_92\bin\server\jvm.dll
0x00007ff92dfc0000 - 0x00007ff92dfc8000 	C:\Windows\system32\PSAPI.DLL
0x00007ff9257b0000 - 0x00007ff9257b9000 	C:\Windows\SYSTEM32\WSOCK32.dll
0x00007ff9290c0000 - 0x00007ff9290e3000 	C:\Windows\SYSTEM32\WINMM.dll
0x00007ff927d40000 - 0x00007ff927d4a000 	C:\Windows\SYSTEM32\VERSION.dll
0x00007ff929090000 - 0x00007ff9290bc000 	C:\Windows\SYSTEM32\WINMMBASE.dll
0x00007ff92d3f0000 - 0x00007ff92d459000 	C:\Windows\system32\WS2_32.dll
0x00007ff92b430000 - 0x00007ff92b474000 	C:\Windows\system32\cfgmgr32.dll
0x00007ff92d5c0000 - 0x00007ff92d5c8000 	C:\Windows\system32\NSI.dll
0x00007ff929330000 - 0x00007ff929357000 	C:\Windows\SYSTEM32\DEVOBJ.dll
0x000000005b820000 - 0x000000005b859000 	C:\Program Files\Java\jre1.8.0_92\bin\splashscreen.dll
0x00007ff929290000 - 0x00007ff929326000 	C:\Windows\system32\uxtheme.dll
0x00007ff92daa0000 - 0x00007ff92dd1c000 	C:\Windows\system32\combase.dll
0x000000005b810000 - 0x000000005b81f000 	C:\Program Files\Java\jre1.8.0_92\bin\verify.dll
0x000000005b7e0000 - 0x000000005b809000 	C:\Program Files\Java\jre1.8.0_92\bin\java.dll
0x000000005b7c0000 - 0x000000005b7d6000 	C:\Program Files\Java\jre1.8.0_92\bin\zip.dll
0x00007ff92aa50000 - 0x00007ff92aa5f000 	C:\Windows\system32\kernel.appcore.dll
0x00007ff92a810000 - 0x00007ff92a87b000 	C:\Windows\SYSTEM32\bcryptPrimitives.dll
0x00007ff92bbc0000 - 0x00007ff92d128000 	C:\Windows\system32\SHELL32.dll
0x00007ff92ac30000 - 0x00007ff92b258000 	C:\Windows\system32\windows.storage.dll
0x00007ff92b6c0000 - 0x00007ff92b711000 	C:\Windows\system32\shlwapi.dll
0x00007ff92b370000 - 0x00007ff92b423000 	C:\Windows\system32\shcore.dll
0x00007ff92a9c0000 - 0x00007ff92aa0a000 	C:\Windows\system32\powrprof.dll
0x00007ff92aa30000 - 0x00007ff92aa43000 	C:\Windows\system32\profapi.dll
0x00007ff92d890000 - 0x00007ff92d94e000 	C:\Windows\system32\OLEAUT32.dll
0x000000005b620000 - 0x000000005b7b8000 	C:\Program Files\Java\jre1.8.0_92\bin\awt.dll
0x00007ff928760000 - 0x00007ff9287d8000 	C:\Windows\system32\apphelp.dll
0x00007ff928230000 - 0x00007ff928252000 	C:\Windows\system32\dwmapi.dll
0x00007ff92dd40000 - 0x00007ff92de81000 	C:\Windows\system32\ole32.dll
0x000000005b600000 - 0x000000005b61a000 	C:\Program Files\Java\jre1.8.0_92\bin\net.dll
0x00007ff92a230000 - 0x00007ff92a28d000 	C:\Windows\system32\mswsock.dll
0x00007ff91e510000 - 0x00007ff91e525000 	C:\Windows\system32\napinsp.dll
0x00007ff91e6a0000 - 0x00007ff91e6ba000 	C:\Windows\system32\pnrpnsp.dll
0x00007ff926d60000 - 0x00007ff926d78000 	C:\Windows\system32\NLAapi.dll
0x00007ff929fd0000 - 0x00007ff92a078000 	C:\Windows\SYSTEM32\DNSAPI.dll
0x00007ff91f090000 - 0x00007ff91f09d000 	C:\Windows\System32\winrnr.dll
0x00007ff91f070000 - 0x00007ff91f085000 	C:\Windows\system32\wshbth.dll
0x00007ff9263c0000 - 0x00007ff9263ca000 	C:\Windows\System32\rasadhlp.dll
0x00007ff928d60000 - 0x00007ff928d98000 	C:\Windows\SYSTEM32\IPHLPAPI.DLL
0x00007ff928ce0000 - 0x00007ff928ceb000 	C:\Windows\SYSTEM32\WINNSI.DLL
0x00007ff926460000 - 0x00007ff9264c8000 	C:\Windows\System32\fwpuclnt.dll
0x00007ff92a500000 - 0x00007ff92a528000 	C:\Windows\SYSTEM32\bcrypt.dll
0x00007ff92a290000 - 0x00007ff92a2a7000 	C:\Windows\SYSTEM32\CRYPTSP.dll
0x00007ff929ee0000 - 0x00007ff929f13000 	C:\Windows\system32\rsaenh.dll
0x00007ff92a080000 - 0x00007ff92a09f000 	C:\Windows\SYSTEM32\USERENV.dll
0x00007ff92a400000 - 0x00007ff92a40b000 	C:\Windows\SYSTEM32\CRYPTBASE.dll
0x00007ff926c30000 - 0x00007ff926c46000 	C:\Windows\SYSTEM32\dhcpcsvc6.DLL
0x00007ff926c10000 - 0x00007ff926c2a000 	C:\Windows\SYSTEM32\dhcpcsvc.DLL
0x000000005b5e0000 - 0x000000005b5f1000 	C:\Program Files\Java\jre1.8.0_92\bin\nio.dll
0x00007ff8ff4b0000 - 0x00007ff8ff6c0000 	C:\Windows\system32\d3d9.dll
0x00007ff927d50000 - 0x00007ff927eb4000 	C:\Windows\SYSTEM32\aticfx64.dll
0x00007ff919850000 - 0x00007ff919871000 	C:\Windows\SYSTEM32\atiu9p64.dll
0x00007ff8fec50000 - 0x00007ff8ff4a9000 	C:\Windows\SYSTEM32\atiumd64.dll
0x000000005c9b0000 - 0x000000005d238000 	C:\Windows\SYSTEM32\atiumd6a.dll
0x000000005b5b0000 - 0x000000005b5d4000 	C:\Program Files\Java\jre1.8.0_92\bin\sunec.dll
0x000000005b560000 - 0x000000005b5a7000 	C:\Program Files\Java\jre1.8.0_92\bin\fontmanager.dll
0x000000005b510000 - 0x000000005b552000 	C:\Program Files\Java\jre1.8.0_92\bin\t2k.dll
0x0000000180000000 - 0x0000000180025000 	C:\chromispos\lib\Windows\i368-mingw64\rxtxSerial.dll
0x00007ff91e2e0000 - 0x00007ff91e364000 	C:\Windows\SYSTEM32\WINSPOOL.DRV
0x00007ff920c90000 - 0x00007ff920e1a000 	C:\Windows\SYSTEM32\dbghelp.dll

VM Arguments:
jvm_args: -Djava.library.path=C:\chromispos\lib/Windows/i368-mingw64 -Ddirname.path=C:\chromispos\./ 
java_command: uk.chromis.pos.forms.StartPOS 1
java_class_path (initial): C:\chromispos\chromispos.jar;C:\chromispos\changeiconset.jar;C:\chromispos\locales/;C:\chromispos\locales/Albanian;C:\chromispos\locales/American;C:\chromispos\locales/Arabic;C:\chromispos\locales/Argentinian;C:\chromispos\locales/Brazilian;C:\chromispos\locales/Croatian;C:\chromispos\locales/Dutch;C:\chromispos\locales/English;C:\chromispos\locales/Estonian;C:\chromispos\locales/French;C:\chromispos\locales/German;C:\chromispos\locales/Italian;C:\chromispos\locales/Mexican;C:\chromispos\locales/Portuguese;C:\chromispos\locales/Spanish;C:\chromispos\reports/
Launcher Type: SUN_STANDARD

Environment Variables:
PATH=C:\ProgramData\Oracle\Java\javapath;C:\Windows\system32;C:\Windows;C:\Windows\System32\Wbem;C:\Windows\System32\WindowsPowerShell\v1.0\;C:\Program Files (x86)\ATI Technologies\ATI.ACE\Core-Static;C:\Program Files (x86)\MySQL\MySQL Fabric 1.5 & MySQL Utilities 1.5\;C:\Program Files (x86)\MySQL\MySQL Fabric 1.5 & MySQL Utilities 1.5\Doctrine extensions for PHP\
USERNAME=javier
OS=Windows_NT
PROCESSOR_IDENTIFIER=AMD64 Family 21 Model 96 Stepping 1, AuthenticAMD



---------------  S Y S T E M  ---------------

OS: Windows 10.0 , 64 bit Build 10240 (10.0.10240.16384)

CPU:total 4 (4 cores per cpu, 1 threads per core) family 21 model 96 stepping 1, cmov, cx8, fxsr, mmx, sse, sse2, sse3, ssse3, sse4.1, sse4.2, popcnt, avx, avx2, aes, clmul, mmxext, 3dnowpref, lzcnt, sse4a, tsc, tscinvbit, tscinv, bmi1

Memory: 4k page, physical 7824632k(4772104k free), swap 9725176k(5993048k free)

vm_info: Java HotSpot(TM) 64-Bit Server VM (25.92-b14) for windows-amd64 JRE (1.8.0_92-b14), built on Mar 31 2016 21:03:04 by "java_re" with MS VC++ 10.0 (VS2010)

time: Tue May 24 17:36:08 2016
elapsed time: 4 seconds (0d 0h 0m 4s)

