#
# A fatal error has been detected by the Java Runtime Environment:
#
#  EXCEPTION_ACCESS_VIOLATION (0xc0000005) at pc=0x0000000180008790, pid=2564, tid=0x000000000000069c
#
# JRE version: Java(TM) SE Runtime Environment (8.0_92-b14) (build 1.8.0_92-b14)
# Java VM: Java HotSpot(TM) 64-Bit Server VM (25.92-b14 mixed mode windows-amd64 compressed oops)
# Problematic frame:
# C  [rxtxSerial.dll+0x8790]
#
# Failed to write core dump. Minidumps are not enabled by default on client versions of Windows
#
# If you would like to submit a bug report, please visit:
#   http://bugreport.java.com/bugreport/crash.jsp
# The crash happened outside the Java Virtual Machine in native code.
# See problematic frame for where to report the bug.
#

---------------  T H R E A D  ---------------

Current thread (0x000000001e2a7800):  JavaThread "pool-2-thread-1" [_thread_in_native, id=1692, stack(0x000000001f400000,0x000000001f500000)]

siginfo: ExceptionCode=0xc0000005, reading address 0x00000000000000f8

Registers:
RAX=0x0000000000000002, RBX=0x000000001f6611b0, RCX=0x0000000000000001, RDX=0x0000000000000000
RSP=0x000000001f4fee30, RBP=0x000000001f4ff0a0, RSI=0x00000000191e5349, RDI=0x0000000000000000
R8 =0x0000000000000000, R9 =0x0000000000000000, R10=0x00007ff92e0d5f30, R11=0x0000000000000002
R12=0x000000001f4ff0a8, R13=0x000000001f21eb50, R14=0x000000001f4ff0a8, R15=0x000000001e2a7800
RIP=0x0000000180008790, EFLAGS=0x0000000000010202

Top of Stack: (sp=0x000000001f4fee30)
0x000000001f4fee30:   000000001f6611b0 00000000191e5340
0x000000001f4fee40:   000000001e2a7800 0000000000000009
0x000000001f4fee50:   00000000191e5340 000000018000aab4
0x000000001f4fee60:   000000001e2a79f8 0000000000000106
0x000000001f4fee70:   000000001f21eb50 000000001f4ff0a8
0x000000001f4fee80:   000000001e44bd68 00000000191e5340
0x000000001f4fee90:   000000001f4ff0a0 000000018000b7fe
0x000000001f4feea0:   0000000000000008 000000001f21eb50
0x000000001f4feeb0:   000000001e2a79f8 0000000000000000
0x000000001f4feec0:   000000001e2a7800 0000000000000000
0x000000001f4feed0:   0000b5d5d5efa68b 000000007fffffdc
0x000000001f4feee0:   000000001f4fef70 0000000000000042
0x000000001f4feef0:   000000001e2a79f8 0000000000000000
0x000000001f4fef00:   00000000191e5340 000000018000213d
0x000000001f4fef10:   000000001f4ff0a0 000000018001c0b0
0x000000001f4fef20:   0000000000000000 0000000180000000 

Instructions: (pc=0x0000000180008790)
0x0000000180008770:   89 83 00 01 00 00 48 89 1d 73 6f 01 00 48 8b c3
0x0000000180008780:   48 8b 5c 24 30 48 8b 74 24 38 48 83 c4 20 5f c3
0x0000000180008790:   39 87 f8 00 00 00 7d 20 0f 1f 84 00 00 00 00 00
0x00000001800087a0:   48 8b 87 00 01 00 00 48 85 c0 74 0c 44 39 98 f8 


Register to memory mapping:

RAX=0x0000000000000002 is an unknown value
RBX=0x000000001f6611b0 is an unknown value
RCX=0x0000000000000001 is an unknown value
RDX=0x0000000000000000 is an unknown value
RSP=0x000000001f4fee30 is pointing into the stack for thread: 0x000000001e2a7800
RBP=0x000000001f4ff0a0 is pointing into the stack for thread: 0x000000001e2a7800
RSI=0x00000000191e5349 is an unknown value
RDI=0x0000000000000000 is an unknown value
R8 =0x0000000000000000 is an unknown value
R9 =0x0000000000000000 is an unknown value
R10=0x00007ff92e0d5f30 is an unknown value
R11=0x0000000000000002 is an unknown value
R12=0x000000001f4ff0a8 is pointing into the stack for thread: 0x000000001e2a7800
R13=0x000000001f21eb50 is pointing into metadata
R14=0x000000001f4ff0a8 is pointing into the stack for thread: 0x000000001e2a7800
R15=0x000000001e2a7800 is a thread


Stack: [0x000000001f400000,0x000000001f500000],  sp=0x000000001f4fee30,  free space=1019k
Native frames: (J=compiled Java code, j=interpreted, Vv=VM code, C=native code)
C  [rxtxSerial.dll+0x8790]
C  [rxtxSerial.dll+0xaab4]
C  [rxtxSerial.dll+0x213d]
C  0x0000000003108417

Java frames: (J=compiled Java code, j=interpreted, Vv=VM code)
j  gnu.io.RXTXPort.open(Ljava/lang/String;)I+0
j  gnu.io.RXTXPort.<init>(Ljava/lang/String;)V+125
j  gnu.io.RXTXCommDriver.getCommPort(Ljava/lang/String;I)Lgnu/io/CommPort;+78
j  gnu.io.CommPortIdentifier.open(Ljava/lang/String;I)Lgnu/io/CommPort;+171
j  uk.chromis.pos.printer.escpos.PrinterWritterRXTX.internalWrite([B)V+28
j  uk.chromis.pos.printer.escpos.PrinterWritter$1.run()V+8
j  java.util.concurrent.ThreadPoolExecutor.runWorker(Ljava/util/concurrent/ThreadPoolExecutor$Worker;)V+95
j  java.util.concurrent.ThreadPoolExecutor$Worker.run()V+5
j  java.lang.Thread.run()V+11
v  ~StubRoutines::call_stub

---------------  P R O C E S S  ---------------

Java Threads: ( => current thread )
  0x0000000019186000 JavaThread "Image Fetcher 3" daemon [_thread_blocked, id=5364, stack(0x0000000020690000,0x0000000020790000)]
  0x0000000019185800 JavaThread "Image Fetcher 2" daemon [_thread_blocked, id=9756, stack(0x0000000020590000,0x0000000020690000)]
  0x0000000019184800 JavaThread "Image Fetcher 1" daemon [_thread_blocked, id=10012, stack(0x0000000020490000,0x0000000020590000)]
  0x0000000019183000 JavaThread "D3D Screen Updater" daemon [_thread_blocked, id=8172, stack(0x0000000002d70000,0x0000000002e70000)]
  0x0000000019187000 JavaThread "TimerQueue" daemon [_thread_blocked, id=6076, stack(0x000000001f670000,0x000000001f770000)]
  0x000000001e2a7000 JavaThread "Thread-3" daemon [_thread_in_native, id=1100, stack(0x000000001f500000,0x000000001f600000)]
=>0x000000001e2a7800 JavaThread "pool-2-thread-1" [_thread_in_native, id=1692, stack(0x000000001f400000,0x000000001f500000)]
  0x000000001dc6d000 JavaThread "pool-1-thread-1" [_thread_in_native, id=520, stack(0x000000001f300000,0x000000001f400000)]
  0x000000001d8ce800 JavaThread "Abandoned connection cleanup thread" daemon [_thread_blocked, id=8864, stack(0x000000001ed00000,0x000000001ee00000)]
  0x000000001d87a800 JavaThread "Image Fetcher 0" daemon [_thread_blocked, id=7028, stack(0x000000001ea00000,0x000000001eb00000)]
  0x000000000135c000 JavaThread "DestroyJavaVM" [_thread_blocked, id=5580, stack(0x0000000002e70000,0x0000000002f70000)]
  0x000000001a16a800 JavaThread "AWT-EventQueue-0" [_thread_blocked, id=8720, stack(0x000000001a760000,0x000000001a860000)]
  0x000000001a0b8000 JavaThread "AWT-Windows" daemon [_thread_in_native, id=4824, stack(0x000000001a5a0000,0x000000001a6a0000)]
  0x000000001a0c1000 JavaThread "AWT-Shutdown" [_thread_blocked, id=9612, stack(0x000000001a4a0000,0x000000001a5a0000)]
  0x000000001a0c0000 JavaThread "Java2D Disposer" daemon [_thread_blocked, id=1408, stack(0x000000001a3a0000,0x000000001a4a0000)]
  0x000000001903c000 JavaThread "Service Thread" daemon [_thread_blocked, id=5852, stack(0x00000000198a0000,0x00000000199a0000)]
  0x0000000018fbe000 JavaThread "C1 CompilerThread2" daemon [_thread_blocked, id=8152, stack(0x00000000197a0000,0x00000000198a0000)]
  0x0000000018fb2000 JavaThread "C2 CompilerThread1" daemon [_thread_blocked, id=5908, stack(0x00000000196a0000,0x00000000197a0000)]
  0x0000000018faf800 JavaThread "C2 CompilerThread0" daemon [_thread_blocked, id=3180, stack(0x00000000195a0000,0x00000000196a0000)]
  0x0000000018fad800 JavaThread "Attach Listener" daemon [_thread_blocked, id=1356, stack(0x00000000194a0000,0x00000000195a0000)]
  0x0000000018fac800 JavaThread "Signal Dispatcher" daemon [_thread_blocked, id=4416, stack(0x00000000193a0000,0x00000000194a0000)]
  0x0000000017ba6800 JavaThread "Finalizer" daemon [_thread_blocked, id=5360, stack(0x0000000018da0000,0x0000000018ea0000)]
  0x0000000017b7b000 JavaThread "Reference Handler" daemon [_thread_blocked, id=1856, stack(0x0000000018ca0000,0x0000000018da0000)]

Other Threads:
  0x0000000017b75000 VMThread [stack: 0x0000000018ba0000,0x0000000018ca0000] [id=7736]
  0x0000000019042000 WatcherThread [stack: 0x00000000199a0000,0x0000000019aa0000] [id=9476]

VM state:not at safepoint (normal execution)

VM Mutex/Monitor currently owned by a thread: None

Heap:
 PSYoungGen      total 35840K, used 20500K [0x00000000d8300000, 0x00000000dc900000, 0x0000000100000000)
  eden space 30720K, 66% used [0x00000000d8300000,0x00000000d97050d0,0x00000000da100000)
  from space 5120K, 0% used [0x00000000da100000,0x00000000da100000,0x00000000da600000)
  to   space 5120K, 0% used [0x00000000dc400000,0x00000000dc400000,0x00000000dc900000)
 ParOldGen       total 57344K, used 6999K [0x0000000088800000, 0x000000008c000000, 0x00000000d8300000)
  object space 57344K, 12% used [0x0000000088800000,0x0000000088ed5ed0,0x000000008c000000)
 Metaspace       used 24737K, capacity 25026K, committed 25344K, reserved 1071104K
  class space    used 3165K, capacity 3275K, committed 3328K, reserved 1048576K

Card table byte_map: [0x00000000127f0000,0x0000000012bb0000] byte_map_base: 0x00000000123ac000

Marking Bits: (ParMarkBitMap*) 0x00000000590d64f0
 Begin Bits: [0x0000000013230000, 0x0000000015010000)
 End Bits:   [0x0000000015010000, 0x0000000016df0000)

Polling page: 0x0000000001300000

CodeCache: size=245760Kb used=6669Kb max_used=6669Kb free=239090Kb
 bounds [0x00000000030f0000, 0x0000000003780000, 0x00000000120f0000]
 total_blobs=2792 nmethods=2149 adapters=555
 compilation: enabled

Compilation events (10 events):
Event: 8.472 Thread 0x0000000018fbe000 2313   !   3       java.awt.event.InvocationEvent::dispatch (69 bytes)
Event: 8.472 Thread 0x0000000018fbe000 nmethod 2313 0x00000000037768d0 code [0x0000000003776a80, 0x00000000037770f8]
Event: 8.473 Thread 0x0000000018fbe000 2314   !   3       java.awt.event.InvocationEvent::finishedDispatching (53 bytes)
Event: 8.473 Thread 0x0000000018fbe000 nmethod 2314 0x0000000003776090 code [0x0000000003776220, 0x0000000003776718]
Event: 8.484 Thread 0x0000000018fbe000 2315       1       java.util.Locale::getDefault (4 bytes)
Event: 8.485 Thread 0x0000000018fbe000 nmethod 2315 0x0000000003775e10 code [0x0000000003775f60, 0x0000000003776050]
Event: 8.486 Thread 0x0000000018fbe000 2316       3       java.lang.String::toUpperCase (8 bytes)
Event: 8.486 Thread 0x0000000018fbe000 nmethod 2316 0x00000000037755d0 code [0x0000000003775740, 0x00000000037759a8]
Event: 8.487 Thread 0x0000000018fbe000 2317       3       java.lang.String::regionMatches (91 bytes)
Event: 8.487 Thread 0x0000000018fbe000 nmethod 2317 0x0000000003774ed0 code [0x0000000003775040, 0x00000000037753f0]

GC Heap History (8 events):
Event: 2.454 GC heap before
{Heap before GC invocations=1 (full 0):
 PSYoungGen      total 35840K, used 30720K [0x00000000d8300000, 0x00000000dab00000, 0x0000000100000000)
  eden space 30720K, 100% used [0x00000000d8300000,0x00000000da100000,0x00000000da100000)
  from space 5120K, 0% used [0x00000000da600000,0x00000000da600000,0x00000000dab00000)
  to   space 5120K, 0% used [0x00000000da100000,0x00000000da100000,0x00000000da600000)
 ParOldGen       total 81920K, used 0K [0x0000000088800000, 0x000000008d800000, 0x00000000d8300000)
  object space 81920K, 0% used [0x0000000088800000,0x0000000088800000,0x000000008d800000)
 Metaspace       used 11021K, capacity 11298K, committed 11520K, reserved 1058816K
  class space    used 1321K, capacity 1421K, committed 1536K, reserved 1048576K
Event: 2.466 GC heap after
Heap after GC invocations=1 (full 0):
 PSYoungGen      total 35840K, used 4184K [0x00000000d8300000, 0x00000000dab00000, 0x0000000100000000)
  eden space 30720K, 0% used [0x00000000d8300000,0x00000000d8300000,0x00000000da100000)
  from space 5120K, 81% used [0x00000000da100000,0x00000000da5160b0,0x00000000da600000)
  to   space 5120K, 0% used [0x00000000da600000,0x00000000da600000,0x00000000dab00000)
 ParOldGen       total 81920K, used 16K [0x0000000088800000, 0x000000008d800000, 0x00000000d8300000)
  object space 81920K, 0% used [0x0000000088800000,0x0000000088804000,0x000000008d800000)
 Metaspace       used 11021K, capacity 11298K, committed 11520K, reserved 1058816K
  class space    used 1321K, capacity 1421K, committed 1536K, reserved 1048576K
}
Event: 3.663 GC heap before
{Heap before GC invocations=2 (full 0):
 PSYoungGen      total 35840K, used 34904K [0x00000000d8300000, 0x00000000dab00000, 0x0000000100000000)
  eden space 30720K, 100% used [0x00000000d8300000,0x00000000da100000,0x00000000da100000)
  from space 5120K, 81% used [0x00000000da100000,0x00000000da5160b0,0x00000000da600000)
  to   space 5120K, 0% used [0x00000000da600000,0x00000000da600000,0x00000000dab00000)
 ParOldGen       total 81920K, used 16K [0x0000000088800000, 0x000000008d800000, 0x00000000d8300000)
  object space 81920K, 0% used [0x0000000088800000,0x0000000088804000,0x000000008d800000)
 Metaspace       used 18389K, capacity 18638K, committed 18944K, reserved 1067008K
  class space    used 2199K, capacity 2287K, committed 2304K, reserved 1048576K
Event: 3.679 GC heap after
Heap after GC invocations=2 (full 0):
 PSYoungGen      total 35840K, used 5093K [0x00000000d8300000, 0x00000000dab00000, 0x0000000100000000)
  eden space 30720K, 0% used [0x00000000d8300000,0x00000000d8300000,0x00000000da100000)
  from space 5120K, 99% used [0x00000000da600000,0x00000000daaf97d0,0x00000000dab00000)
  to   space 5120K, 0% used [0x00000000da100000,0x00000000da100000,0x00000000da600000)
 ParOldGen       total 81920K, used 2412K [0x0000000088800000, 0x000000008d800000, 0x00000000d8300000)
  object space 81920K, 2% used [0x0000000088800000,0x0000000088a5b390,0x000000008d800000)
 Metaspace       used 18389K, capacity 18638K, committed 18944K, reserved 1067008K
  class space    used 2199K, capacity 2287K, committed 2304K, reserved 1048576K
}
Event: 4.570 GC heap before
{Heap before GC invocations=3 (full 0):
 PSYoungGen      total 35840K, used 17535K [0x00000000d8300000, 0x00000000dab00000, 0x0000000100000000)
  eden space 30720K, 40% used [0x00000000d8300000,0x00000000d8f265b0,0x00000000da100000)
  from space 5120K, 99% used [0x00000000da600000,0x00000000daaf97d0,0x00000000dab00000)
  to   space 5120K, 0% used [0x00000000da100000,0x00000000da100000,0x00000000da600000)
 ParOldGen       total 81920K, used 2412K [0x0000000088800000, 0x000000008d800000, 0x00000000d8300000)
  object space 81920K, 2% used [0x0000000088800000,0x0000000088a5b390,0x000000008d800000)
 Metaspace       used 20859K, capacity 21100K, committed 21296K, reserved 1069056K
  class space    used 2577K, capacity 2676K, committed 2688K, reserved 1048576K
Event: 4.581 GC heap after
Heap after GC invocations=3 (full 0):
 PSYoungGen      total 35840K, used 5093K [0x00000000d8300000, 0x00000000dc900000, 0x0000000100000000)
  eden space 30720K, 0% used [0x00000000d8300000,0x00000000d8300000,0x00000000da100000)
  from space 5120K, 99% used [0x00000000da100000,0x00000000da5f97d0,0x00000000da600000)
  to   space 5120K, 0% used [0x00000000dc400000,0x00000000dc400000,0x00000000dc900000)
 ParOldGen       total 81920K, used 3542K [0x0000000088800000, 0x000000008d800000, 0x00000000d8300000)
  object space 81920K, 4% used [0x0000000088800000,0x0000000088b75b60,0x000000008d800000)
 Metaspace       used 20859K, capacity 21100K, committed 21296K, reserved 1069056K
  class space    used 2577K, capacity 2676K, committed 2688K, reserved 1048576K
}
Event: 4.581 GC heap before
{Heap before GC invocations=4 (full 1):
 PSYoungGen      total 35840K, used 5093K [0x00000000d8300000, 0x00000000dc900000, 0x0000000100000000)
  eden space 30720K, 0% used [0x00000000d8300000,0x00000000d8300000,0x00000000da100000)
  from space 5120K, 99% used [0x00000000da100000,0x00000000da5f97d0,0x00000000da600000)
  to   space 5120K, 0% used [0x00000000dc400000,0x00000000dc400000,0x00000000dc900000)
 ParOldGen       total 81920K, used 3542K [0x0000000088800000, 0x000000008d800000, 0x00000000d8300000)
  object space 81920K, 4% used [0x0000000088800000,0x0000000088b75b60,0x000000008d800000)
 Metaspace       used 20859K, capacity 21100K, committed 21296K, reserved 1069056K
  class space    used 2577K, capacity 2676K, committed 2688K, reserved 1048576K
Event: 4.636 GC heap after
Heap after GC invocations=4 (full 1):
 PSYoungGen      total 35840K, used 0K [0x00000000d8300000, 0x00000000dc900000, 0x0000000100000000)
  eden space 30720K, 0% used [0x00000000d8300000,0x00000000d8300000,0x00000000da100000)
  from space 5120K, 0% used [0x00000000da100000,0x00000000da100000,0x00000000da600000)
  to   space 5120K, 0% used [0x00000000dc400000,0x00000000dc400000,0x00000000dc900000)
 ParOldGen       total 57344K, used 6999K [0x0000000088800000, 0x000000008c000000, 0x00000000d8300000)
  object space 57344K, 12% used [0x0000000088800000,0x0000000088ed5ed0,0x000000008c000000)
 Metaspace       used 20859K, capacity 21100K, committed 21296K, reserved 1069056K
  class space    used 2577K, capacity 2676K, committed 2688K, reserved 1048576K
}

Deoptimization events (10 events):
Event: 3.836 Thread 0x000000001a16a800 Uncommon trap: reason=bimorphic action=maybe_recompile pc=0x00000000033e8a10 method=java.io.BufferedInputStream.read1([BII)I @ 39
Event: 3.836 Thread 0x000000001a16a800 Uncommon trap: reason=bimorphic action=maybe_recompile pc=0x00000000033e8a10 method=java.io.BufferedInputStream.read1([BII)I @ 39
Event: 4.005 Thread 0x000000001a16a800 Uncommon trap: reason=unstable_if action=reinterpret pc=0x0000000003340f00 method=sun.nio.cs.UTF_8$Decoder.decode([BII[C)I @ 30
Event: 4.509 Thread 0x000000001a0b8000 Uncommon trap: reason=bimorphic action=maybe_recompile pc=0x0000000003356298 method=java.util.HashMap.putVal(ILjava/lang/Object;Ljava/lang/Object;ZZ)Ljava/lang/Object; @ 91
Event: 4.509 Thread 0x000000001a0b8000 Uncommon trap: reason=bimorphic action=maybe_recompile pc=0x0000000003356298 method=java.util.HashMap.putVal(ILjava/lang/Object;Ljava/lang/Object;ZZ)Ljava/lang/Object; @ 91
Event: 6.346 Thread 0x000000001a16a800 Uncommon trap: reason=bimorphic action=maybe_recompile pc=0x000000000347ba1c method=java.util.Hashtable.put(Ljava/lang/Object;Ljava/lang/Object;)Ljava/lang/Object; @ 60
Event: 6.348 Thread 0x000000001a16a800 Uncommon trap: reason=bimorphic action=maybe_recompile pc=0x000000000347ba1c method=java.util.Hashtable.put(Ljava/lang/Object;Ljava/lang/Object;)Ljava/lang/Object; @ 60
Event: 6.348 Thread 0x000000001a16a800 Uncommon trap: reason=bimorphic action=maybe_recompile pc=0x000000000347ba1c method=java.util.Hashtable.put(Ljava/lang/Object;Ljava/lang/Object;)Ljava/lang/Object; @ 60
Event: 6.431 Thread 0x000000001d87a800 Uncommon trap: reason=unstable_if action=reinterpret pc=0x00000000034907d4 method=sun.awt.image.PNGImageDecoder.filterRow([B[BIII)V @ 76
Event: 6.552 Thread 0x000000001d87a800 Uncommon trap: reason=unstable_if action=reinterpret pc=0x000000000368a2bc method=sun.awt.image.PNGImageDecoder.filterRow([B[BIII)V @ 221

Internal exceptions (10 events):
Event: 6.987 Thread 0x000000001a16a800 Exception <a 'java/io/IOException'> (0x00000000d95bb3a0) thrown at [D:\re\workspace\8-2-build-windows-amd64-cygwin\jdk8u92\6642\hotspot\src\share\vm\prims\jni.cpp, line 709]
Event: 6.989 Thread 0x000000001a16a800 Exception <a 'java/io/IOException'> (0x00000000d95c1f50) thrown at [D:\re\workspace\8-2-build-windows-amd64-cygwin\jdk8u92\6642\hotspot\src\share\vm\prims\jni.cpp, line 709]
Event: 6.989 Thread 0x000000001a16a800 Exception <a 'java/io/IOException'> (0x00000000d95c2398) thrown at [D:\re\workspace\8-2-build-windows-amd64-cygwin\jdk8u92\6642\hotspot\src\share\vm\prims\jni.cpp, line 709]
Event: 6.993 Thread 0x000000001a16a800 Exception <a 'java/io/IOException'> (0x00000000d95ca3d8) thrown at [D:\re\workspace\8-2-build-windows-amd64-cygwin\jdk8u92\6642\hotspot\src\share\vm\prims\jni.cpp, line 709]
Event: 6.993 Thread 0x000000001a16a800 Exception <a 'java/io/IOException'> (0x00000000d95ca820) thrown at [D:\re\workspace\8-2-build-windows-amd64-cygwin\jdk8u92\6642\hotspot\src\share\vm\prims\jni.cpp, line 709]
Event: 7.004 Thread 0x000000001a16a800 Exception <a 'java/io/IOException'> (0x00000000d95dd810) thrown at [D:\re\workspace\8-2-build-windows-amd64-cygwin\jdk8u92\6642\hotspot\src\share\vm\prims\jni.cpp, line 709]
Event: 7.004 Thread 0x000000001a16a800 Exception <a 'java/io/IOException'> (0x00000000d95dde40) thrown at [D:\re\workspace\8-2-build-windows-amd64-cygwin\jdk8u92\6642\hotspot\src\share\vm\prims\jni.cpp, line 709]
Event: 7.009 Thread 0x000000001a16a800 Exception <a 'java/io/IOException'> (0x00000000d95eca70) thrown at [D:\re\workspace\8-2-build-windows-amd64-cygwin\jdk8u92\6642\hotspot\src\share\vm\prims\jni.cpp, line 709]
Event: 7.009 Thread 0x000000001a16a800 Exception <a 'java/io/IOException'> (0x00000000d95ed0a0) thrown at [D:\re\workspace\8-2-build-windows-amd64-cygwin\jdk8u92\6642\hotspot\src\share\vm\prims\jni.cpp, line 709]
Event: 8.487 Thread 0x000000001dc6d000 Exception <a 'java/io/FileNotFoundException'> (0x00000000d96ab970) thrown at [D:\re\workspace\8-2-build-windows-amd64-cygwin\jdk8u92\6642\hotspot\src\share\vm\prims\jni.cpp, line 709]

Events (10 events):
Event: 8.489 loading class java/util/TooManyListenersException
Event: 8.489 loading class java/util/TooManyListenersException done
Event: 8.490 loading class gnu/io/RXTXPort$SerialOutputStream
Event: 8.490 loading class gnu/io/RXTXPort$SerialOutputStream done
Event: 8.490 loading class gnu/io/RXTXPort$SerialInputStream
Event: 8.490 loading class gnu/io/RXTXPort$SerialInputStream done
Event: 8.491 loading class gnu/io/Zystem
Event: 8.491 loading class gnu/io/Zystem done
Event: 8.492 loading class gnu/io/UnSupportedLoggerException
Event: 8.492 loading class gnu/io/UnSupportedLoggerException done


Dynamic libraries:
0x00007ff606e80000 - 0x00007ff606eb7000 	C:\ProgramData\Oracle\Java\javapath\javaw.exe
0x00007ff92dfd0000 - 0x00007ff92e192000 	C:\Windows\SYSTEM32\ntdll.dll
0x00007ff92b720000 - 0x00007ff92b7cd000 	C:\Windows\system32\KERNEL32.DLL
0x00007ff92b480000 - 0x00007ff92b65d000 	C:\Windows\system32\KERNELBASE.dll
0x00007ff92d510000 - 0x00007ff92d5b6000 	C:\Windows\system32\ADVAPI32.dll
0x00007ff92d130000 - 0x00007ff92d1cd000 	C:\Windows\system32\msvcrt.dll
0x00007ff92b660000 - 0x00007ff92b6bb000 	C:\Windows\system32\sechost.dll
0x00007ff92de90000 - 0x00007ff92dfb6000 	C:\Windows\system32\RPCRT4.dll
0x00007ff92d950000 - 0x00007ff92da9e000 	C:\Windows\system32\USER32.dll
0x00007ff92b7d0000 - 0x00007ff92b956000 	C:\Windows\system32\GDI32.dll
0x00007ff9209c0000 - 0x00007ff920c34000 	C:\Windows\WinSxS\amd64_microsoft.windows.common-controls_6595b64144ccf1df_6.0.10240.16384_none_f41f7b285750ef43\COMCTL32.dll
0x00007ff92d460000 - 0x00007ff92d496000 	C:\Windows\system32\IMM32.DLL
0x00007ff92d230000 - 0x00007ff92d38c000 	C:\Windows\system32\MSCTF.dll
0x0000000059160000 - 0x0000000059232000 	C:\Program Files\Java\jre1.8.0_92\bin\msvcr100.dll
0x00000000588c0000 - 0x0000000059156000 	C:\Program Files\Java\jre1.8.0_92\bin\server\jvm.dll
0x00007ff92dfc0000 - 0x00007ff92dfc8000 	C:\Windows\system32\PSAPI.DLL
0x00007ff9257b0000 - 0x00007ff9257b9000 	C:\Windows\SYSTEM32\WSOCK32.dll
0x00007ff9290c0000 - 0x00007ff9290e3000 	C:\Windows\SYSTEM32\WINMM.dll
0x00007ff927d40000 - 0x00007ff927d4a000 	C:\Windows\SYSTEM32\VERSION.dll
0x00007ff92d3f0000 - 0x00007ff92d459000 	C:\Windows\system32\WS2_32.dll
0x00007ff92d5c0000 - 0x00007ff92d5c8000 	C:\Windows\system32\NSI.dll
0x00007ff929090000 - 0x00007ff9290bc000 	C:\Windows\SYSTEM32\WINMMBASE.dll
0x00007ff92b430000 - 0x00007ff92b474000 	C:\Windows\system32\cfgmgr32.dll
0x00007ff929330000 - 0x00007ff929357000 	C:\Windows\SYSTEM32\DEVOBJ.dll
0x0000000058880000 - 0x00000000588b9000 	C:\Program Files\Java\jre1.8.0_92\bin\splashscreen.dll
0x00007ff929290000 - 0x00007ff929326000 	C:\Windows\system32\uxtheme.dll
0x00007ff92daa0000 - 0x00007ff92dd1c000 	C:\Windows\system32\combase.dll
0x0000000058870000 - 0x000000005887f000 	C:\Program Files\Java\jre1.8.0_92\bin\verify.dll
0x0000000058840000 - 0x0000000058869000 	C:\Program Files\Java\jre1.8.0_92\bin\java.dll
0x0000000058820000 - 0x0000000058836000 	C:\Program Files\Java\jre1.8.0_92\bin\zip.dll
0x00007ff92aa50000 - 0x00007ff92aa5f000 	C:\Windows\system32\kernel.appcore.dll
0x00007ff92a810000 - 0x00007ff92a87b000 	C:\Windows\SYSTEM32\bcryptPrimitives.dll
0x00007ff92bbc0000 - 0x00007ff92d128000 	C:\Windows\system32\SHELL32.dll
0x00007ff92ac30000 - 0x00007ff92b258000 	C:\Windows\system32\windows.storage.dll
0x00007ff92b6c0000 - 0x00007ff92b711000 	C:\Windows\system32\shlwapi.dll
0x00007ff92b370000 - 0x00007ff92b423000 	C:\Windows\system32\shcore.dll
0x00007ff92a9c0000 - 0x00007ff92aa0a000 	C:\Windows\system32\powrprof.dll
0x00007ff92aa30000 - 0x00007ff92aa43000 	C:\Windows\system32\profapi.dll
0x00007ff92d890000 - 0x00007ff92d94e000 	C:\Windows\system32\OLEAUT32.dll
0x0000000058680000 - 0x0000000058818000 	C:\Program Files\Java\jre1.8.0_92\bin\awt.dll
0x00007ff928760000 - 0x00007ff9287d8000 	C:\Windows\system32\apphelp.dll
0x00007ff928230000 - 0x00007ff928252000 	C:\Windows\system32\dwmapi.dll
0x00007ff92dd40000 - 0x00007ff92de81000 	C:\Windows\system32\ole32.dll
0x0000000058660000 - 0x000000005867a000 	C:\Program Files\Java\jre1.8.0_92\bin\net.dll
0x00007ff92a230000 - 0x00007ff92a28d000 	C:\Windows\system32\mswsock.dll
0x00007ff91e510000 - 0x00007ff91e525000 	C:\Windows\system32\napinsp.dll
0x00007ff91e6a0000 - 0x00007ff91e6ba000 	C:\Windows\system32\pnrpnsp.dll
0x00007ff926d60000 - 0x00007ff926d78000 	C:\Windows\system32\NLAapi.dll
0x00007ff929fd0000 - 0x00007ff92a078000 	C:\Windows\SYSTEM32\DNSAPI.dll
0x00007ff91f090000 - 0x00007ff91f09d000 	C:\Windows\System32\winrnr.dll
0x00007ff91f070000 - 0x00007ff91f085000 	C:\Windows\system32\wshbth.dll
0x00007ff9263c0000 - 0x00007ff9263ca000 	C:\Windows\System32\rasadhlp.dll
0x00007ff928d60000 - 0x00007ff928d98000 	C:\Windows\SYSTEM32\IPHLPAPI.DLL
0x00007ff928ce0000 - 0x00007ff928ceb000 	C:\Windows\SYSTEM32\WINNSI.DLL
0x00007ff926460000 - 0x00007ff9264c8000 	C:\Windows\System32\fwpuclnt.dll
0x00007ff92a500000 - 0x00007ff92a528000 	C:\Windows\SYSTEM32\bcrypt.dll
0x00007ff92a290000 - 0x00007ff92a2a7000 	C:\Windows\SYSTEM32\CRYPTSP.dll
0x00007ff929ee0000 - 0x00007ff929f13000 	C:\Windows\system32\rsaenh.dll
0x00007ff92a080000 - 0x00007ff92a09f000 	C:\Windows\SYSTEM32\USERENV.dll
0x00007ff92a400000 - 0x00007ff92a40b000 	C:\Windows\SYSTEM32\CRYPTBASE.dll
0x00007ff926c30000 - 0x00007ff926c46000 	C:\Windows\SYSTEM32\dhcpcsvc6.DLL
0x00007ff926c10000 - 0x00007ff926c2a000 	C:\Windows\SYSTEM32\dhcpcsvc.DLL
0x0000000058640000 - 0x0000000058651000 	C:\Program Files\Java\jre1.8.0_92\bin\nio.dll
0x00007ff8ff4b0000 - 0x00007ff8ff6c0000 	C:\Windows\system32\d3d9.dll
0x00007ff927d50000 - 0x00007ff927eb4000 	C:\Windows\SYSTEM32\aticfx64.dll
0x00007ff919850000 - 0x00007ff919871000 	C:\Windows\SYSTEM32\atiu9p64.dll
0x00007ff8fec50000 - 0x00007ff8ff4a9000 	C:\Windows\SYSTEM32\atiumd64.dll
0x000000005c9b0000 - 0x000000005d238000 	C:\Windows\SYSTEM32\atiumd6a.dll
0x0000000058610000 - 0x0000000058634000 	C:\Program Files\Java\jre1.8.0_92\bin\sunec.dll
0x00000000585c0000 - 0x0000000058607000 	C:\Program Files\Java\jre1.8.0_92\bin\fontmanager.dll
0x0000000058570000 - 0x00000000585b2000 	C:\Program Files\Java\jre1.8.0_92\bin\t2k.dll
0x0000000180000000 - 0x0000000180025000 	C:\chromispos\lib\Windows\i368-mingw64\rxtxSerial.dll
0x00007ff91e2e0000 - 0x00007ff91e364000 	C:\Windows\SYSTEM32\WINSPOOL.DRV
0x00007ff92bb10000 - 0x00007ff92bbb5000 	C:\Windows\system32\clbcatq.dll
0x00007ff926f80000 - 0x00007ff927131000 	C:\Windows\SYSTEM32\WindowsCodecs.dll
0x00007ff919720000 - 0x00007ff919766000 	C:\Windows\system32\dataexchange.dll
0x00007ff927f60000 - 0x00007ff928203000 	C:\Windows\system32\d3d11.dll
0x00007ff922ec0000 - 0x00007ff923405000 	C:\Windows\system32\d2d1.dll
0x00007ff928570000 - 0x00007ff928641000 	C:\Windows\system32\dcomp.dll
0x00007ff927ec0000 - 0x00007ff927f5c000 	C:\Windows\system32\dxgi.dll
0x00007ff929380000 - 0x00007ff92946e000 	C:\Windows\system32\twinapi.appcore.dll
0x00007ff920c90000 - 0x00007ff920e1a000 	C:\Windows\SYSTEM32\dbghelp.dll

VM Arguments:
jvm_args: -Djava.library.path=C:\chromispos\lib/Windows/i368-mingw64 -Ddirname.path=C:\chromispos\./ 
java_command: uk.chromis.pos.forms.StartPOS 1
java_class_path (initial): C:\chromispos\chromispos.jar;C:\chromispos\changeiconset.jar;C:\chromispos\locales/;C:\chromispos\locales/Albanian;C:\chromispos\locales/American;C:\chromispos\locales/Arabic;C:\chromispos\locales/Argentinian;C:\chromispos\locales/Brazilian;C:\chromispos\locales/Croatian;C:\chromispos\locales/Dutch;C:\chromispos\locales/English;C:\chromispos\locales/Estonian;C:\chromispos\locales/French;C:\chromispos\locales/German;C:\chromispos\locales/Italian;C:\chromispos\locales/Mexican;C:\chromispos\locales/Portuguese;C:\chromispos\locales/Spanish;C:\chromispos\reports/
Launcher Type: SUN_STANDARD

Environment Variables:
PATH=C:\ProgramData\Oracle\Java\javapath;C:\Windows\system32;C:\Windows;C:\Windows\System32\Wbem;C:\Windows\System32\WindowsPowerShell\v1.0\;C:\Program Files (x86)\ATI Technologies\ATI.ACE\Core-Static;C:\Program Files (x86)\MySQL\MySQL Fabric 1.5 & MySQL Utilities 1.5\;C:\Program Files (x86)\MySQL\MySQL Fabric 1.5 & MySQL Utilities 1.5\Doctrine extensions for PHP\
USERNAME=javier
OS=Windows_NT
PROCESSOR_IDENTIFIER=AMD64 Family 21 Model 96 Stepping 1, AuthenticAMD



---------------  S Y S T E M  ---------------

OS: Windows 10.0 , 64 bit Build 10240 (10.0.10240.16384)

CPU:total 4 (4 cores per cpu, 1 threads per core) family 21 model 96 stepping 1, cmov, cx8, fxsr, mmx, sse, sse2, sse3, ssse3, sse4.1, sse4.2, popcnt, avx, avx2, aes, clmul, mmxext, 3dnowpref, lzcnt, sse4a, tsc, tscinvbit, tscinv, bmi1

Memory: 4k page, physical 7824632k(3956588k free), swap 9725176k(4597584k free)

vm_info: Java HotSpot(TM) 64-Bit Server VM (25.92-b14) for windows-amd64 JRE (1.8.0_92-b14), built on Mar 31 2016 21:03:04 by "java_re" with MS VC++ 10.0 (VS2010)

time: Tue May 24 18:19:03 2016
elapsed time: 8 seconds (0d 0h 0m 8s)

